[2018-02-01 12:13:31.768228] INFO: jiekou: 当前模块 requests封装
[2018-02-01 12:13:32.744284] INFO: jiekou: 当前模块 生成数据驱动所用数据
[2018-02-01 12:13:32.745284] INFO: jiekou: 当前模块 解析测试用例文件
[2018-02-01 12:13:32.965296] INFO: jiekou: 测试用例开始执行
[2018-02-01 12:13:32.966296] INFO: jiekou: 输入参数：url:http://www.tuling123.com/openapi/api,key:aaaa,参数:sasa,请求方式：POST
[2018-02-01 12:13:32.966296] INFO: jiekou: 输入参数：url:http://www.tuling123.com/openapi/api,key:aaaa,参数:sasa,请求方式：None
[2018-02-01 12:13:33.035300] INFO: jiekou: 返回结果:{'code': 40001, 'text': '亲爱的，key不对哦。'}
[2018-02-01 12:13:33.036300] INFO: jiekou: 当前模块 断言测试结果
[2018-02-01 12:13:33.036300] INFO: jiekou: 测试用例执行完毕
[2018-02-01 12:13:33.037300] INFO: jiekou: 测试用例开始执行
[2018-02-01 12:13:33.037300] INFO: jiekou: 输入参数：url:http://www.tuling123.com/openapi/api
,key:dfeb1cc8125943d29764a2f2f5c33739,参数:,请求方式：POST
[2018-02-01 12:13:33.038301] INFO: jiekou: 输入参数：url:http://www.tuling123.com/openapi/api
,key:dfeb1cc8125943d29764a2f2f5c33739,参数:,请求方式：None
[2018-02-01 12:13:33.067302] INFO: jiekou: 返回结果:{'code': 40002, 'text': '此时无声胜有声？'}
[2018-02-01 12:13:33.068302] INFO: jiekou: 当前模块 断言测试结果
[2018-02-01 12:13:33.069302] INFO: jiekou: 测试用例执行完毕
[2018-02-01 12:13:33.069302] INFO: jiekou: 测试用例开始执行
[2018-02-01 12:13:33.070302] INFO: jiekou: 输入参数：url:https://api.douban.com/v2/photo/:id,key:,参数:,请求方式：GET
[2018-02-01 12:13:33.070302] INFO: jiekou: 输入参数：url:https://api.douban.com/v2/photo/:id,key:,参数:,请求方式：None
[2018-02-01 12:13:33.071302] INFO: jiekou: 测试用例执行完毕
[2018-02-01 12:13:54.637536] INFO: jiekou: 当前模块 requests封装
[2018-02-01 12:13:54.729541] INFO: jiekou: 当前模块 生成数据驱动所用数据
[2018-02-01 12:13:54.730541] INFO: jiekou: 当前模块 解析测试用例文件
[2018-02-01 12:13:54.750542] INFO: jiekou: 测试用例开始执行
[2018-02-01 12:13:54.750542] INFO: jiekou: 输入参数：url:http://www.tuling123.com/openapi/api,key:aaaa,参数:sasa,请求方式：POST
[2018-02-01 12:13:54.751542] INFO: jiekou: 输入参数：url:http://www.tuling123.com/openapi/api,key:aaaa,参数:sasa,请求方式：None
[2018-02-01 12:13:54.784544] INFO: jiekou: 返回结果:{'code': 40001, 'text': '亲爱的，key不对哦。'}
[2018-02-01 12:13:54.785544] INFO: jiekou: 当前模块 断言测试结果
[2018-02-01 12:13:54.785544] INFO: jiekou: 测试用例执行完毕
[2018-02-01 12:13:54.786544] INFO: jiekou: 测试用例开始执行
[2018-02-01 12:13:54.787544] INFO: jiekou: 输入参数：url:http://www.tuling123.com/openapi/api
,key:dfeb1cc8125943d29764a2f2f5c33739,参数:,请求方式：POST
[2018-02-01 12:13:54.787544] INFO: jiekou: 输入参数：url:http://www.tuling123.com/openapi/api
,key:dfeb1cc8125943d29764a2f2f5c33739,参数:,请求方式：None
[2018-02-01 12:13:54.840548] INFO: jiekou: 返回结果:{'code': 40002, 'text': '有些话，难以说出口？'}
[2018-02-01 12:13:54.841548] INFO: jiekou: 当前模块 断言测试结果
[2018-02-01 12:13:54.841548] INFO: jiekou: 测试用例执行完毕
[2018-02-01 12:13:54.842548] INFO: jiekou: 测试用例开始执行
[2018-02-01 12:13:54.842548] INFO: jiekou: 输入参数：url:https://api.douban.com/v2/photo/:id,key:,参数:,请求方式：GET
[2018-02-01 12:13:54.843548] INFO: jiekou: 输入参数：url:https://api.douban.com/v2/photo/:id,key:,参数:,请求方式：None
[2018-02-01 12:13:54.843548] INFO: jiekou: 测试用例执行完毕
[2018-02-01 12:16:35.866758] INFO: jiekou: 当前模块 requests封装
[2018-02-01 12:16:35.962763] INFO: jiekou: 当前模块 生成数据驱动所用数据
[2018-02-01 12:16:35.963763] INFO: jiekou: 当前模块 解析测试用例文件
[2018-02-01 12:16:35.981764] INFO: jiekou: 测试用例开始执行
[2018-02-01 12:16:35.982764] INFO: jiekou: 输入参数：url:http://www.tuling123.com/openapi/api,key:aaaa,参数:sasa,请求方式：POST
[2018-02-01 12:16:35.982764] INFO: jiekou: 输入参数：url:http://www.tuling123.com/openapi/api,key:aaaa,参数:sasa,请求方式：None
[2018-02-01 12:16:36.020767] INFO: jiekou: 返回结果:{'code': 40001, 'text': '亲爱的，key不对哦。'}
[2018-02-01 12:16:36.021767] INFO: jiekou: 当前模块 断言测试结果
[2018-02-01 12:16:36.022767] INFO: jiekou: 测试用例执行完毕
[2018-02-01 12:16:36.022767] INFO: jiekou: 测试用例开始执行
[2018-02-01 12:16:36.023767] INFO: jiekou: 输入参数：url:http://www.tuling123.com/openapi/api
,key:dfeb1cc8125943d29764a2f2f5c33739,参数:,请求方式：POST
[2018-02-01 12:16:36.023767] INFO: jiekou: 输入参数：url:http://www.tuling123.com/openapi/api
,key:dfeb1cc8125943d29764a2f2f5c33739,参数:,请求方式：None
[2018-02-01 12:16:36.055769] INFO: jiekou: 返回结果:{'code': 40002, 'text': '是不是有什么难言之隐呢？'}
[2018-02-01 12:16:36.056769] INFO: jiekou: 当前模块 断言测试结果
[2018-02-01 12:16:36.057769] INFO: jiekou: 测试用例执行完毕
[2018-02-01 12:16:36.057769] INFO: jiekou: 测试用例开始执行
[2018-02-01 12:16:36.058769] INFO: jiekou: 输入参数：url:https://api.douban.com/v2/photo/:id,key:,参数:,请求方式：GET
[2018-02-01 12:16:36.059769] INFO: jiekou: 输入参数：url:https://api.douban.com/v2/photo/:id,key:,参数:,请求方式：None
[2018-02-01 12:16:36.059769] INFO: jiekou: 测试用例执行完毕
[2018-02-01 12:19:06.126352] INFO: jiekou: 当前模块 requests封装
[2018-02-01 12:19:06.222358] INFO: jiekou: 当前模块 生成数据驱动所用数据
[2018-02-01 12:19:06.222358] INFO: jiekou: 当前模块 解析测试用例文件
[2018-02-01 12:19:06.241359] INFO: jiekou: 测试用例开始执行
[2018-02-01 12:19:06.242359] INFO: jiekou: 输入参数：url:http://www.tuling123.com/openapi/api,key:aaaa,参数:sasa,请求方式：POST
[2018-02-01 12:19:06.242359] INFO: jiekou: 输入参数：url:http://www.tuling123.com/openapi/api,key:aaaa,参数:sasa,请求方式：None
[2018-02-01 12:19:06.274361] INFO: jiekou: 返回结果:{'code': 40001, 'text': '亲爱的，key不对哦。'}
[2018-02-01 12:19:06.274361] INFO: jiekou: 当前模块 断言测试结果
[2018-02-01 12:19:06.275361] INFO: jiekou: 测试用例执行完毕
[2018-02-01 12:19:06.276361] INFO: jiekou: 测试用例开始执行
[2018-02-01 12:19:06.276361] INFO: jiekou: 输入参数：url:http://www.tuling123.com/openapi/api
,key:dfeb1cc8125943d29764a2f2f5c33739,参数:,请求方式：POST
[2018-02-01 12:19:06.277361] INFO: jiekou: 输入参数：url:http://www.tuling123.com/openapi/api
,key:dfeb1cc8125943d29764a2f2f5c33739,参数:,请求方式：None
[2018-02-01 12:19:06.311363] INFO: jiekou: 返回结果:{'code': 40002, 'text': '是不是有什么难言之隐呢？'}
[2018-02-01 12:19:06.312363] INFO: jiekou: 当前模块 断言测试结果
[2018-02-01 12:19:06.313363] INFO: jiekou: 测试用例执行完毕
[2018-02-01 12:19:06.314363] INFO: jiekou: 测试用例开始执行
[2018-02-01 12:19:06.315363] INFO: jiekou: 输入参数：url:https://api.douban.com/v2/photo/:id,key:,参数:,请求方式：GET
[2018-02-01 12:19:06.316363] INFO: jiekou: 输入参数：url:https://api.douban.com/v2/photo/:id,key:,参数:,请求方式：None
[2018-02-01 12:19:06.317363] INFO: jiekou: 测试用例执行完毕
[2018-02-01 12:19:35.810050] INFO: jiekou: 当前模块 requests封装
[2018-02-01 12:19:35.904055] INFO: jiekou: 当前模块 生成数据驱动所用数据
[2018-02-01 12:19:35.904055] INFO: jiekou: 当前模块 解析测试用例文件
[2018-02-01 12:19:35.923056] INFO: jiekou: 测试用例开始执行
[2018-02-01 12:19:35.924056] INFO: jiekou: 输入参数：url:http://www.tuling123.com/openapi/api,key:aaaa,参数:sasa,请求方式：POST
[2018-02-01 12:19:35.924056] INFO: jiekou: 输入参数：url:http://www.tuling123.com/openapi/api,key:aaaa,参数:sasa,请求方式：None
[2018-02-01 12:19:35.960058] INFO: jiekou: 返回结果:{'code': 40001, 'text': '亲爱的，key不对哦。'}
[2018-02-01 12:19:35.960058] INFO: jiekou: 当前模块 断言测试结果
[2018-02-01 12:19:35.961059] INFO: jiekou: 测试用例执行完毕
[2018-02-01 12:19:35.962059] INFO: jiekou: 测试用例开始执行
[2018-02-01 12:19:35.962059] INFO: jiekou: 输入参数：url:http://www.tuling123.com/openapi/api
,key:dfeb1cc8125943d29764a2f2f5c33739,参数:,请求方式：POST
[2018-02-01 12:19:35.963059] INFO: jiekou: 输入参数：url:http://www.tuling123.com/openapi/api
,key:dfeb1cc8125943d29764a2f2f5c33739,参数:,请求方式：None
[2018-02-01 12:19:35.994060] INFO: jiekou: 返回结果:{'code': 40002, 'text': '是不是有什么难言之隐呢？'}
[2018-02-01 12:19:35.995060] INFO: jiekou: 当前模块 断言测试结果
[2018-02-01 12:19:35.997061] INFO: jiekou: 测试用例执行完毕
[2018-02-01 12:19:35.998061] INFO: jiekou: 测试用例开始执行
[2018-02-01 12:19:36.000061] INFO: jiekou: 输入参数：url:https://api.douban.com/v2/photo/:id,key:,参数:,请求方式：GET
[2018-02-01 12:19:36.001061] INFO: jiekou: 输入参数：url:https://api.douban.com/v2/photo/:id,key:,参数:,请求方式：None
[2018-02-01 12:19:36.002061] INFO: jiekou: 测试用例执行完毕
[2018-02-01 12:19:56.665243] INFO: jiekou: 当前模块 requests封装
[2018-02-01 12:19:56.761248] INFO: jiekou: 当前模块 生成数据驱动所用数据
[2018-02-01 12:19:56.762248] INFO: jiekou: 当前模块 解析测试用例文件
[2018-02-01 12:19:56.782249] INFO: jiekou: 测试用例开始执行
[2018-02-01 12:19:56.783249] INFO: jiekou: 输入参数：url:http://www.tuling123.com/openapi/api,key:aaaa,参数:sasa,请求方式：POST
[2018-02-01 12:19:56.784250] INFO: jiekou: 输入参数：url:http://www.tuling123.com/openapi/api,key:aaaa,参数:sasa,请求方式：None
[2018-02-01 12:19:56.824252] INFO: jiekou: 返回结果:{'code': 40001, 'text': '亲爱的，key不对哦。'}
[2018-02-01 12:19:56.824252] INFO: jiekou: 当前模块 断言测试结果
[2018-02-01 12:19:56.825252] INFO: jiekou: 测试用例执行完毕
[2018-02-01 12:19:56.825252] INFO: jiekou: 测试用例开始执行
[2018-02-01 12:19:56.826252] INFO: jiekou: 输入参数：url:http://www.tuling123.com/openapi/api
,key:dfeb1cc8125943d29764a2f2f5c33739,参数:,请求方式：POST
[2018-02-01 12:19:56.826252] INFO: jiekou: 输入参数：url:http://www.tuling123.com/openapi/api
,key:dfeb1cc8125943d29764a2f2f5c33739,参数:,请求方式：None
[2018-02-01 12:19:56.861254] INFO: jiekou: 返回结果:{'code': 40002, 'text': '你想和我说什么呢?'}
[2018-02-01 12:19:56.863254] INFO: jiekou: 当前模块 断言测试结果
[2018-02-01 12:19:56.865254] INFO: jiekou: 测试用例执行完毕
[2018-02-01 12:19:56.867254] INFO: jiekou: 测试用例开始执行
[2018-02-01 12:19:56.868254] INFO: jiekou: 输入参数：url:https://api.douban.com/v2/photo/:id,key:,参数:,请求方式：GET
[2018-02-01 12:19:56.870254] INFO: jiekou: 输入参数：url:https://api.douban.com/v2/photo/:id,key:,参数:,请求方式：None
[2018-02-01 12:19:56.872255] INFO: jiekou: 测试用例执行完毕
[2018-02-01 12:20:06.977833] INFO: jiekou: 当前模块 requests封装
[2018-02-01 12:20:07.069838] INFO: jiekou: 当前模块 生成数据驱动所用数据
[2018-02-01 12:20:07.070838] INFO: jiekou: 当前模块 解析测试用例文件
[2018-02-01 12:20:07.089839] INFO: jiekou: 测试用例开始执行
[2018-02-01 12:20:07.090839] INFO: jiekou: 输入参数：url:http://www.tuling123.com/openapi/api,key:aaaa,参数:sasa,请求方式：POST
[2018-02-01 12:20:07.091839] INFO: jiekou: 输入参数：url:http://www.tuling123.com/openapi/api,key:aaaa,参数:sasa,请求方式：None
[2018-02-01 12:20:07.127841] INFO: jiekou: 返回结果:{'code': 40001, 'text': '亲爱的，key不对哦。'}
[2018-02-01 12:20:07.128841] INFO: jiekou: 当前模块 断言测试结果
[2018-02-01 12:20:07.128841] INFO: jiekou: 测试用例执行完毕
[2018-02-01 12:20:07.129841] INFO: jiekou: 测试用例开始执行
[2018-02-01 12:20:07.130841] INFO: jiekou: 输入参数：url:http://www.tuling123.com/openapi/api
,key:dfeb1cc8125943d29764a2f2f5c33739,参数:,请求方式：POST
[2018-02-01 12:20:07.130841] INFO: jiekou: 输入参数：url:http://www.tuling123.com/openapi/api
,key:dfeb1cc8125943d29764a2f2f5c33739,参数:,请求方式：None
[2018-02-01 12:20:07.165843] INFO: jiekou: 返回结果:{'code': 40002, 'text': '干啥呀？'}
[2018-02-01 12:20:07.166843] INFO: jiekou: 当前模块 断言测试结果
[2018-02-01 12:20:07.166843] INFO: jiekou: 测试用例执行完毕
[2018-02-01 12:20:07.167843] INFO: jiekou: 测试用例开始执行
[2018-02-01 12:20:07.167843] INFO: jiekou: 输入参数：url:https://api.douban.com/v2/photo/:id,key:,参数:,请求方式：GET
[2018-02-01 12:20:07.168843] INFO: jiekou: 输入参数：url:https://api.douban.com/v2/photo/:id,key:,参数:,请求方式：None
[2018-02-01 12:20:07.168843] INFO: jiekou: 测试用例执行完毕
[2018-02-01 12:21:11.709535] INFO: jiekou: 当前模块 requests封装
[2018-02-01 12:21:11.799540] INFO: jiekou: 当前模块 生成数据驱动所用数据
[2018-02-01 12:21:11.800540] INFO: jiekou: 当前模块 解析测试用例文件
[2018-02-01 12:21:11.819541] INFO: jiekou: 测试用例开始执行
[2018-02-01 12:21:11.820541] INFO: jiekou: 输入参数：url:http://www.tuling123.com/openapi/api,key:aaaa,参数:sasa,请求方式：POST
[2018-02-01 12:21:11.821541] INFO: jiekou: 输入参数：url:http://www.tuling123.com/openapi/api,key:aaaa,参数:sasa,请求方式：None
[2018-02-01 12:21:11.991551] INFO: jiekou: 返回结果:{'code': 40001, 'text': '亲爱的，key不对哦。'}
[2018-02-01 12:21:11.992551] INFO: jiekou: 当前模块 断言测试结果
[2018-02-01 12:21:11.993551] INFO: jiekou: 测试用例执行完毕
[2018-02-01 12:21:11.994551] INFO: jiekou: 测试用例开始执行
[2018-02-01 12:21:11.994551] INFO: jiekou: 输入参数：url:http://www.tuling123.com/openapi/api
,key:dfeb1cc8125943d29764a2f2f5c33739,参数:,请求方式：POST
[2018-02-01 12:21:11.995551] INFO: jiekou: 输入参数：url:http://www.tuling123.com/openapi/api
,key:dfeb1cc8125943d29764a2f2f5c33739,参数:,请求方式：None
[2018-02-01 12:21:12.077556] INFO: jiekou: 返回结果:{'code': 40002, 'text': '此时无声胜有声？'}
[2018-02-01 12:21:12.078556] INFO: jiekou: 当前模块 断言测试结果
[2018-02-01 12:21:12.079556] INFO: jiekou: 测试用例执行完毕
[2018-02-01 12:21:12.079556] INFO: jiekou: 测试用例开始执行
[2018-02-01 12:21:12.080556] INFO: jiekou: 输入参数：url:https://api.douban.com/v2/photo/:id,key:,参数:,请求方式：GET
[2018-02-01 12:21:12.080556] INFO: jiekou: 输入参数：url:https://api.douban.com/v2/photo/:id,key:,参数:,请求方式：None
[2018-02-01 12:21:12.081556] INFO: jiekou: 测试用例执行完毕
[2018-02-01 12:35:13.765698] INFO: jiekou: 当前模块 requests封装
[2018-02-01 12:35:13.880704] INFO: jiekou: 当前模块 生成数据驱动所用数据
[2018-02-01 12:35:13.880704] INFO: jiekou: 当前模块 解析测试用例文件
[2018-02-01 12:35:13.901706] INFO: jiekou: 测试用例开始执行
[2018-02-01 12:35:13.902706] INFO: jiekou: 输入参数：url:http://www.tuling123.com/openapi/api,key:aaaa,参数:sasa,请求方式：POST
[2018-02-01 12:35:13.902706] INFO: jiekou: 输入参数：url:http://www.tuling123.com/openapi/api,key:aaaa,参数:sasa,请求方式：None
[2018-02-01 12:35:13.959709] INFO: jiekou: 返回结果:{'code': 40001, 'text': '亲爱的，key不对哦。'}
[2018-02-01 12:35:13.960709] INFO: jiekou: 当前模块 断言测试结果
[2018-02-01 12:35:13.960709] INFO: jiekou: 测试用例执行完毕
[2018-02-01 12:35:13.961709] INFO: jiekou: 测试用例开始执行
[2018-02-01 12:35:13.961709] INFO: jiekou: 输入参数：url:http://www.tuling123.com/openapi/api
,key:dfeb1cc8125943d29764a2f2f5c33739,参数:,请求方式：POST
[2018-02-01 12:35:13.962709] INFO: jiekou: 输入参数：url:http://www.tuling123.com/openapi/api
,key:dfeb1cc8125943d29764a2f2f5c33739,参数:,请求方式：None
[2018-02-01 12:35:13.994711] INFO: jiekou: 返回结果:{'code': 40002, 'text': '你想说什么就直说，不用藏在心里哈~'}
[2018-02-01 12:35:13.994711] INFO: jiekou: 当前模块 断言测试结果
[2018-02-01 12:35:13.995711] INFO: jiekou: 测试用例执行完毕
[2018-02-01 12:35:13.996711] INFO: jiekou: 测试用例开始执行
[2018-02-01 12:35:13.996711] INFO: jiekou: 输入参数：url:https://api.douban.com/v2/photo/:id,key:,参数:,请求方式：GET
[2018-02-01 12:35:13.997711] INFO: jiekou: 输入参数：url:https://api.douban.com/v2/photo/:id,key:,参数:,请求方式：None
[2018-02-01 12:35:13.998711] INFO: jiekou: 测试用例执行完毕
