[2018-04-12 14:14:47.902256] INFO: jiekou: 当前模块 requests封装
[2018-04-12 14:14:47.916257] INFO: jiekou: 全部args参数参数信息 , ()
[2018-04-12 14:14:47.916257] INFO: jiekou: 全部kwargs参数信息 , {}
[2018-04-12 14:14:48.166271] INFO: jiekou: 当前模块 生成数据驱动所用数据
[2018-04-12 14:14:48.167271] INFO: jiekou: 全部args参数参数信息 , ()
[2018-04-12 14:14:48.167271] INFO: jiekou: 全部kwargs参数信息 , {}
[2018-04-12 14:14:48.167271] INFO: jiekou: 当前模块 解析测试用例文件
[2018-04-12 14:14:48.167271] INFO: jiekou: 全部args参数参数信息 , ('C:\\Users\\Administrator\\Desktop\\xuesheng\\jiekou-python3\\test_case\\case.xlsx',)
[2018-04-12 14:14:48.167271] INFO: jiekou: 全部kwargs参数信息 , {}
[2018-04-12 14:14:48.167271] INFO: jiekou: 打开测试用例失败，原因是:<class 'Exception'>
[2018-04-12 14:15:16.884914] INFO: jiekou: 当前模块 requests封装
[2018-04-12 14:15:16.884914] INFO: jiekou: 全部args参数参数信息 , ()
[2018-04-12 14:15:16.884914] INFO: jiekou: 全部kwargs参数信息 , {}
[2018-04-12 14:15:16.894914] INFO: jiekou: 当前模块 解析测试用例文件
[2018-04-12 14:15:16.895914] INFO: jiekou: 全部args参数参数信息 , ('C:\\Users\\Administrator\\Desktop\\xuesheng\\jiekou-python3\\test_case\\case.xlsx',)
[2018-04-12 14:15:16.895914] INFO: jiekou: 全部kwargs参数信息 , {}
[2018-04-12 14:15:16.895914] INFO: jiekou: 打开测试用例失败，原因是:<class 'Exception'>
[2018-04-12 14:16:01.084442] INFO: jiekou: 当前模块 requests封装
[2018-04-12 14:16:01.085442] INFO: jiekou: 全部args参数参数信息 , ()
[2018-04-12 14:16:01.085442] INFO: jiekou: 全部kwargs参数信息 , {}
[2018-04-12 14:16:01.099442] INFO: jiekou: 当前模块 解析测试用例文件
[2018-04-12 14:16:01.100443] INFO: jiekou: 全部args参数参数信息 , ('C:\\Users\\Administrator\\Desktop\\xuesheng\\jiekou-python3\\test_case\\case.xlsx',)
[2018-04-12 14:16:01.100443] INFO: jiekou: 全部kwargs参数信息 , {}
[2018-04-12 14:16:01.100443] INFO: jiekou: 打开测试用例失败，原因是:<class 'Exception'>
[2018-04-12 14:16:03.536582] INFO: jiekou: 当前模块 requests封装
[2018-04-12 14:16:03.537582] INFO: jiekou: 全部args参数参数信息 , ()
[2018-04-12 14:16:03.537582] INFO: jiekou: 全部kwargs参数信息 , {}
[2018-04-12 14:16:03.547583] INFO: jiekou: 当前模块 解析测试用例文件
[2018-04-12 14:16:03.547583] INFO: jiekou: 全部args参数参数信息 , ('C:\\Users\\Administrator\\Desktop\\xuesheng\\jiekou-python3\\test_case\\case.xlsx',)
[2018-04-12 14:16:03.547583] INFO: jiekou: 全部kwargs参数信息 , {}
[2018-04-12 14:16:03.548583] INFO: jiekou: 打开测试用例失败，原因是:<class 'Exception'>
[2018-04-12 14:16:05.210678] INFO: jiekou: 当前模块 requests封装
[2018-04-12 14:16:05.211678] INFO: jiekou: 全部args参数参数信息 , ()
[2018-04-12 14:16:05.211678] INFO: jiekou: 全部kwargs参数信息 , {}
[2018-04-12 14:16:05.221678] INFO: jiekou: 当前模块 解析测试用例文件
[2018-04-12 14:16:05.221678] INFO: jiekou: 全部args参数参数信息 , ('C:\\Users\\Administrator\\Desktop\\xuesheng\\jiekou-python3\\test_case\\case.xlsx',)
[2018-04-12 14:16:05.221678] INFO: jiekou: 全部kwargs参数信息 , {}
[2018-04-12 14:16:05.221678] INFO: jiekou: 打开测试用例失败，原因是:<class 'Exception'>
[2018-04-12 14:16:06.842771] INFO: jiekou: 当前模块 requests封装
[2018-04-12 14:16:06.843771] INFO: jiekou: 全部args参数参数信息 , ()
[2018-04-12 14:16:06.843771] INFO: jiekou: 全部kwargs参数信息 , {}
[2018-04-12 14:16:06.854772] INFO: jiekou: 当前模块 解析测试用例文件
[2018-04-12 14:16:06.854772] INFO: jiekou: 全部args参数参数信息 , ('C:\\Users\\Administrator\\Desktop\\xuesheng\\jiekou-python3\\test_case\\case.xlsx',)
[2018-04-12 14:16:06.854772] INFO: jiekou: 全部kwargs参数信息 , {}
[2018-04-12 14:16:06.854772] INFO: jiekou: 打开测试用例失败，原因是:<class 'Exception'>
[2018-04-12 14:16:08.608872] INFO: jiekou: 当前模块 requests封装
[2018-04-12 14:16:08.609872] INFO: jiekou: 全部args参数参数信息 , ()
[2018-04-12 14:16:08.609872] INFO: jiekou: 全部kwargs参数信息 , {}
[2018-04-12 14:16:08.619873] INFO: jiekou: 当前模块 解析测试用例文件
[2018-04-12 14:16:08.620873] INFO: jiekou: 全部args参数参数信息 , ('C:\\Users\\Administrator\\Desktop\\xuesheng\\jiekou-python3\\test_case\\case.xlsx',)
[2018-04-12 14:16:08.620873] INFO: jiekou: 全部kwargs参数信息 , {}
[2018-04-12 14:16:08.620873] INFO: jiekou: 打开测试用例失败，原因是:<class 'Exception'>
[2018-04-12 14:16:33.525297] INFO: jiekou: 当前模块 requests封装
[2018-04-12 14:16:33.526297] INFO: jiekou: 全部args参数参数信息 , ()
[2018-04-12 14:16:33.526297] INFO: jiekou: 全部kwargs参数信息 , {}
[2018-04-12 14:16:33.538298] INFO: jiekou: 当前模块 解析测试用例文件
[2018-04-12 14:16:33.538298] INFO: jiekou: 全部args参数参数信息 , ('C:\\Users\\Administrator\\Desktop\\xuesheng\\jiekou-python3\\test_case_data\\case.xlsx',)
[2018-04-12 14:16:33.538298] INFO: jiekou: 全部kwargs参数信息 , {}
[2018-04-12 14:18:09.201770] INFO: jiekou: 当前模块 requests封装
[2018-04-12 14:18:09.201770] INFO: jiekou: 全部args参数参数信息 , ()
[2018-04-12 14:18:09.201770] INFO: jiekou: 全部kwargs参数信息 , {}
[2018-04-12 14:18:09.212770] INFO: jiekou: 当前模块 解析测试用例文件
[2018-04-12 14:18:09.212770] INFO: jiekou: 全部args参数参数信息 , ('C:\\Users\\Administrator\\Desktop\\xuesheng\\jiekou-python3\\test_case_data\\case.xlsx',)
[2018-04-12 14:18:09.212770] INFO: jiekou: 全部kwargs参数信息 , {}
[2018-04-12 14:18:09.249772] INFO: jiekou: 当前模块 解析测试用例文件
[2018-04-12 14:18:09.249772] INFO: jiekou: 全部args参数参数信息 , ('C:\\Users\\Administrator\\Desktop\\xuesheng\\jiekou-python3\\test_case_data\\case.xlsx',)
[2018-04-12 14:18:09.249772] INFO: jiekou: 全部kwargs参数信息 , {}
[2018-04-12 14:18:09.253772] INFO: jiekou: 当前模块 测试
[2018-04-12 14:18:09.253772] INFO: jiekou: 全部args参数参数信息 , ()
[2018-04-12 14:18:09.253772] INFO: jiekou: 全部kwargs参数信息 , {}
[2018-04-12 14:18:09.344778] INFO: jiekou: inputdata> 参数:{'password':'1222'}, url:http://www.tuling123.com/openapi/api ,返回:{'code': 0, 'result': {'code': 40007, 'text': '您的请求内容为空。'}},预期:code=40001
[2018-04-12 14:18:09.344778] INFO: jiekou: 当前模块 断言测试结果
[2018-04-12 14:18:09.344778] INFO: jiekou: 全部args参数参数信息 , ()
[2018-04-12 14:18:09.344778] INFO: jiekou: 全部kwargs参数信息 , {'asserqiwang': 'code=40001', 'fanhuijson': {'code': 0, 'result': {'code': 40007, 'text': '您的请求内容为空。'}}}
[2018-04-12 14:18:09.369779] INFO: jiekou: inputdata> 参数:{'password':'1222'}, url:http://www.tuling123.com/openapi/api
 ,返回:{'code': 0, 'result': {'code': 40007, 'text': '您的请求内容为空。'}},预期:code=40002
[2018-04-12 14:18:09.369779] INFO: jiekou: 当前模块 断言测试结果
[2018-04-12 14:18:09.369779] INFO: jiekou: 全部args参数参数信息 , ()
[2018-04-12 14:18:09.369779] INFO: jiekou: 全部kwargs参数信息 , {'asserqiwang': 'code=40002', 'fanhuijson': {'code': 0, 'result': {'code': 40007, 'text': '您的请求内容为空。'}}}
[2018-04-12 14:18:09.619793] INFO: jiekou: inputdata> 参数:{'password':'1222'}, url:https://api.douban.com/v2/photo/:id ,返回:{'code': 0, 'result': {'msg': 'uri_not_found', 'code': 1001, 'request': 'GET /v2/photo/:id'}},预期:
[2018-04-12 14:18:09.619793] INFO: jiekou: 当前模块 断言测试结果
[2018-04-12 14:18:09.619793] INFO: jiekou: 全部args参数参数信息 , ()
[2018-04-12 14:18:09.619793] INFO: jiekou: 全部kwargs参数信息 , {'asserqiwang': '', 'fanhuijson': {'code': 0, 'result': {'msg': 'uri_not_found', 'code': 1001, 'request': 'GET /v2/photo/:id'}}}
[2018-04-12 14:18:09.620793] INFO: jiekou: 填写测试预期值
[2018-04-12 14:19:46.871356] INFO: jiekou: 当前模块 requests封装
[2018-04-12 14:19:46.871356] INFO: jiekou: 全部args参数参数信息 , ()
[2018-04-12 14:19:46.872356] INFO: jiekou: 全部kwargs参数信息 , {}
[2018-04-12 14:19:46.882357] INFO: jiekou: 当前模块 解析测试用例文件
[2018-04-12 14:19:46.882357] INFO: jiekou: 全部args参数参数信息 , ('C:\\Users\\Administrator\\Desktop\\xuesheng\\jiekou-python3\\test_case_data\\case.xlsx',)
[2018-04-12 14:19:46.882357] INFO: jiekou: 全部kwargs参数信息 , {}
[2018-04-12 14:19:46.892357] INFO: jiekou: 当前模块 解析测试用例文件
[2018-04-12 14:19:46.893357] INFO: jiekou: 全部args参数参数信息 , ('C:\\Users\\Administrator\\Desktop\\xuesheng\\jiekou-python3\\test_case_data\\case.xlsx',)
[2018-04-12 14:19:46.893357] INFO: jiekou: 全部kwargs参数信息 , {}
[2018-04-12 14:19:46.896357] INFO: jiekou: 当前模块 测试
[2018-04-12 14:19:46.896357] INFO: jiekou: 全部args参数参数信息 , ()
[2018-04-12 14:19:46.896357] INFO: jiekou: 全部kwargs参数信息 , {}
[2018-04-12 14:19:46.934359] INFO: jiekou: inputdata> 参数:{'password':'1222'}, url:http://www.tuling123.com/openapi/api ,返回:{'code': 0, 'result': {'code': 40007, 'text': '您的请求内容为空。'}},预期:code=40001
[2018-04-12 14:19:46.935360] INFO: jiekou: 当前模块 断言测试结果
[2018-04-12 14:19:46.935360] INFO: jiekou: 全部args参数参数信息 , ()
[2018-04-12 14:19:46.935360] INFO: jiekou: 全部kwargs参数信息 , {'asserqiwang': 'code=40001', 'fanhuijson': {'code': 0, 'result': {'code': 40007, 'text': '您的请求内容为空。'}}}
[2018-04-12 14:19:46.962361] INFO: jiekou: inputdata> 参数:{'password':'1222'}, url:http://www.tuling123.com/openapi/api
 ,返回:{'code': 0, 'result': {'code': 40007, 'text': '您的请求内容为空。'}},预期:code=40002
[2018-04-12 14:19:46.963361] INFO: jiekou: 当前模块 断言测试结果
[2018-04-12 14:19:46.963361] INFO: jiekou: 全部args参数参数信息 , ()
[2018-04-12 14:19:46.963361] INFO: jiekou: 全部kwargs参数信息 , {'asserqiwang': 'code=40002', 'fanhuijson': {'code': 0, 'result': {'code': 40007, 'text': '您的请求内容为空。'}}}
[2018-04-12 14:19:47.043366] INFO: jiekou: inputdata> 参数:{'password':'1222'}, url:https://api.douban.com/v2/photo/:id ,返回:{'code': 0, 'result': {'msg': 'uri_not_found', 'code': 1001, 'request': 'GET /v2/photo/:id'}},预期:
[2018-04-12 14:19:47.043366] INFO: jiekou: 当前模块 断言测试结果
[2018-04-12 14:19:47.043366] INFO: jiekou: 全部args参数参数信息 , ()
[2018-04-12 14:19:47.044366] INFO: jiekou: 全部kwargs参数信息 , {'asserqiwang': '', 'fanhuijson': {'code': 0, 'result': {'msg': 'uri_not_found', 'code': 1001, 'request': 'GET /v2/photo/:id'}}}
[2018-04-12 14:19:47.044366] INFO: jiekou: 填写测试预期值
[2018-04-12 14:20:09.075626] INFO: jiekou: 当前模块 解析测试用例文件
[2018-04-12 14:20:09.076626] INFO: jiekou: 全部args参数参数信息 , ('C:\\Users\\Administrator\\Desktop\\xuesheng\\jiekou-python3\\test_case_data\\dubbocase.xlsx',)
[2018-04-12 14:20:09.076626] INFO: jiekou: 全部kwargs参数信息 , {}
[2018-04-12 14:20:09.268637] INFO: jiekou: 当前模块 解析测试用例文件
[2018-04-12 14:20:09.268637] INFO: jiekou: 全部args参数参数信息 , ()
[2018-04-12 14:20:09.268637] INFO: jiekou: 全部kwargs参数信息 , {}
[2018-04-12 14:21:10.014111] INFO: jiekou: 当前模块 解析测试用例文件
[2018-04-12 14:21:10.015111] INFO: jiekou: 全部args参数参数信息 , ('C:\\Users\\Administrator\\Desktop\\xuesheng\\jiekou-python3\\test_case_data\\dubbocase.xlsx',)
[2018-04-12 14:21:10.015111] INFO: jiekou: 全部kwargs参数信息 , {}
[2018-04-12 14:21:10.195122] INFO: jiekou: 当前模块 解析测试用例文件
[2018-04-12 14:21:10.196122] INFO: jiekou: 全部args参数参数信息 , ()
[2018-04-12 14:21:10.196122] INFO: jiekou: 全部kwargs参数信息 , {}
[2018-04-12 14:21:20.072687] INFO: jiekou: 当前模块 解析测试用例文件
[2018-04-12 14:21:20.072687] INFO: jiekou: 全部args参数参数信息 , ('C:\\Users\\Administrator\\Desktop\\xuesheng\\jiekou-python3\\test_case_data\\dubbocase.xlsx',)
[2018-04-12 14:21:20.073687] INFO: jiekou: 全部kwargs参数信息 , {}
[2018-04-12 14:21:20.250697] INFO: jiekou: 当前模块 解析测试用例文件
[2018-04-12 14:21:20.251697] INFO: jiekou: 全部args参数参数信息 , ('C:\\Users\\Administrator\\Desktop\\xuesheng\\jiekou-python3\\test_case_data\\dubbocase.xlsx',)
[2018-04-12 14:21:20.251697] INFO: jiekou: 全部kwargs参数信息 , {}
[2018-04-12 14:21:20.255697] INFO: jiekou: 当前模块 dubbo接口测试
[2018-04-12 14:21:20.255697] INFO: jiekou: 全部args参数参数信息 , ()
[2018-04-12 14:21:20.255697] INFO: jiekou: 全部kwargs参数信息 , {}
