[2018-04-30 13:30:58.020598] INFO: jiekou: 当前模块 requests封装
[2018-04-30 13:30:58.022598] INFO: jiekou: 全部args参数参数信息 , ()
[2018-04-30 13:30:58.022598] INFO: jiekou: 全部kwargs参数信息 , {}
[2018-04-30 13:30:58.039599] INFO: jiekou: 当前模块 解析测试用例文件
[2018-04-30 13:30:58.040599] INFO: jiekou: 全部args参数参数信息 , ('F:\\xuexi\\jiejko\\test_case_data\\case.xlsx',)
[2018-04-30 13:30:58.041599] INFO: jiekou: 全部kwargs参数信息 , {}
[2018-04-30 13:30:58.067600] INFO: jiekou: 当前模块 解析测试用例文件
[2018-04-30 13:30:58.067600] INFO: jiekou: 全部args参数参数信息 , ('F:\\xuexi\\jiejko\\test_case_data\\case.xlsx',)
[2018-04-30 13:30:58.068600] INFO: jiekou: 全部kwargs参数信息 , {}
[2018-04-30 13:30:58.072600] INFO: jiekou: 当前模块 测试
[2018-04-30 13:30:58.073601] INFO: jiekou: 全部args参数参数信息 , ()
[2018-04-30 13:30:58.073601] INFO: jiekou: 全部kwargs参数信息 , {}
[2018-04-30 13:30:58.115603] INFO: jiekou: inputdata> 参数:{'password':'1222'}, url:http://www.tuling123.com/openapi/api ,返回:{'code': 0, 'result': {'code': 40007, 'text': '您的请求内容为空。'}},预期:code=40001
[2018-04-30 13:30:58.116603] INFO: jiekou: 当前模块 断言测试结果
[2018-04-30 13:30:58.117603] INFO: jiekou: 全部args参数参数信息 , ()
[2018-04-30 13:30:58.117603] INFO: jiekou: 全部kwargs参数信息 , {'asserqiwang': 'code=40001', 'fanhuijson': {'code': 0, 'result': {'code': 40007, 'text': '您的请求内容为空。'}}}
[2018-04-30 13:30:58.152605] INFO: jiekou: inputdata> 参数:{'password':'1222'}, url:http://www.tuling123.com/openapi/api
 ,返回:{'code': 0, 'result': {'code': 40007, 'text': '您的请求内容为空。'}},预期:code=40002
[2018-04-30 13:30:58.152605] INFO: jiekou: 当前模块 断言测试结果
[2018-04-30 13:30:58.153605] INFO: jiekou: 全部args参数参数信息 , ()
[2018-04-30 13:30:58.154605] INFO: jiekou: 全部kwargs参数信息 , {'asserqiwang': 'code=40002', 'fanhuijson': {'code': 0, 'result': {'code': 40007, 'text': '您的请求内容为空。'}}}
[2018-04-30 13:30:58.567629] INFO: jiekou: inputdata> 参数:{'password':'1222'}, url:https://api.douban.com/v2/photo/:id ,返回:{'code': 0, 'result': {'msg': 'uri_not_found', 'code': 1001, 'request': 'GET /v2/photo/:id'}},预期:
[2018-04-30 13:30:58.568629] INFO: jiekou: 当前模块 断言测试结果
[2018-04-30 13:30:58.570629] INFO: jiekou: 全部args参数参数信息 , ()
[2018-04-30 13:30:58.571629] INFO: jiekou: 全部kwargs参数信息 , {'asserqiwang': '', 'fanhuijson': {'code': 0, 'result': {'msg': 'uri_not_found', 'code': 1001, 'request': 'GET /v2/photo/:id'}}}
[2018-04-30 13:30:58.573629] INFO: jiekou: 填写测试预期值
[2018-04-30 13:34:27.279566] INFO: jiekou: 当前模块 requests封装
[2018-04-30 13:34:27.280567] INFO: jiekou: 全部args参数参数信息 , ()
[2018-04-30 13:34:27.281567] INFO: jiekou: 全部kwargs参数信息 , {}
[2018-04-30 13:34:27.297567] INFO: jiekou: 当前模块 解析测试用例文件
[2018-04-30 13:34:27.297567] INFO: jiekou: 全部args参数参数信息 , ('F:\\xuexi\\jiejko\\test_case_data\\case.xlsx',)
[2018-04-30 13:34:27.298568] INFO: jiekou: 全部kwargs参数信息 , {}
[2018-04-30 13:34:27.314568] INFO: jiekou: 当前模块 解析测试用例文件
[2018-04-30 13:34:27.315569] INFO: jiekou: 全部args参数参数信息 , ('F:\\xuexi\\jiejko\\test_case_data\\case.xlsx',)
[2018-04-30 13:34:27.316569] INFO: jiekou: 全部kwargs参数信息 , {}
[2018-04-30 13:34:27.319569] INFO: jiekou: 当前模块 测试
[2018-04-30 13:34:27.320569] INFO: jiekou: 全部args参数参数信息 , ()
[2018-04-30 13:34:27.321569] INFO: jiekou: 全部kwargs参数信息 , {}
[2018-04-30 13:34:27.364571] INFO: jiekou: inputdata> 参数:{'password':'1222'}, url:http://www.tuling123.com/openapi/api ,返回:{'code': 0, 'result': {'code': 40007, 'text': '您的请求内容为空。'}},预期:code=40001
[2018-04-30 13:34:27.365571] INFO: jiekou: 当前模块 断言测试结果
[2018-04-30 13:34:27.366571] INFO: jiekou: 全部args参数参数信息 , ()
[2018-04-30 13:34:27.366571] INFO: jiekou: 全部kwargs参数信息 , {'asserqiwang': 'code=40001', 'fanhuijson': {'code': 0, 'result': {'code': 40007, 'text': '您的请求内容为空。'}}}
[2018-04-30 13:34:27.439576] INFO: jiekou: inputdata> 参数:{'password':'1222'}, url:http://www.tuling123.com/openapi/api
 ,返回:{'code': 0, 'result': {'code': 40007, 'text': '您的请求内容为空。'}},预期:code=40002
[2018-04-30 13:34:27.441576] INFO: jiekou: 当前模块 断言测试结果
[2018-04-30 13:34:27.442576] INFO: jiekou: 全部args参数参数信息 , ()
[2018-04-30 13:34:27.444576] INFO: jiekou: 全部kwargs参数信息 , {'asserqiwang': 'code=40002', 'fanhuijson': {'code': 0, 'result': {'code': 40007, 'text': '您的请求内容为空。'}}}
[2018-04-30 13:34:27.917603] INFO: jiekou: inputdata> 参数:{'password':'1222'}, url:https://api.douban.com/v2/photo/:id ,返回:{'code': 0, 'result': {'msg': 'uri_not_found', 'code': 1001, 'request': 'GET /v2/photo/:id'}},预期:
[2018-04-30 13:34:27.918603] INFO: jiekou: 当前模块 断言测试结果
[2018-04-30 13:34:27.920603] INFO: jiekou: 全部args参数参数信息 , ()
[2018-04-30 13:34:27.922603] INFO: jiekou: 全部kwargs参数信息 , {'asserqiwang': '', 'fanhuijson': {'code': 0, 'result': {'msg': 'uri_not_found', 'code': 1001, 'request': 'GET /v2/photo/:id'}}}
[2018-04-30 13:34:27.924603] INFO: jiekou: 填写测试预期值
[2018-04-30 13:37:03.067477] INFO: jiekou: 当前模块 requests封装
[2018-04-30 13:37:03.068477] INFO: jiekou: 全部args参数参数信息 , ()
[2018-04-30 13:37:03.069477] INFO: jiekou: 全部kwargs参数信息 , {}
[2018-04-30 13:37:03.085478] INFO: jiekou: 当前模块 解析测试用例文件
[2018-04-30 13:37:03.086478] INFO: jiekou: 全部args参数参数信息 , ('F:\\xuexi\\jiejko\\test_case_data\\case.xlsx',)
[2018-04-30 13:37:03.086478] INFO: jiekou: 全部kwargs参数信息 , {}
[2018-04-30 13:37:03.104479] INFO: jiekou: 当前模块 解析测试用例文件
[2018-04-30 13:37:03.104479] INFO: jiekou: 全部args参数参数信息 , ('F:\\xuexi\\jiejko\\test_case_data\\case.xlsx',)
[2018-04-30 13:37:03.105479] INFO: jiekou: 全部kwargs参数信息 , {}
[2018-04-30 13:37:03.109479] INFO: jiekou: 当前模块 测试
[2018-04-30 13:37:03.110479] INFO: jiekou: 全部args参数参数信息 , ()
[2018-04-30 13:37:03.110479] INFO: jiekou: 全部kwargs参数信息 , {}
[2018-04-30 13:37:03.144481] INFO: jiekou: inputdata> 参数:{'password':'1222'}, url:http://www.tuling123.com/openapi/api ,返回:{'code': 0, 'result': {'code': 40007, 'text': '您的请求内容为空。'}},预期:code=40001
[2018-04-30 13:37:03.144481] INFO: jiekou: 当前模块 断言测试结果
[2018-04-30 13:37:03.145481] INFO: jiekou: 全部args参数参数信息 , ()
[2018-04-30 13:37:03.146482] INFO: jiekou: 全部kwargs参数信息 , {'asserqiwang': 'code=40001', 'fanhuijson': {'code': 0, 'result': {'code': 40007, 'text': '您的请求内容为空。'}}}
[2018-04-30 13:37:03.175483] INFO: jiekou: inputdata> 参数:{'password':'1222'}, url:http://www.tuling123.com/openapi/api
 ,返回:{'code': 0, 'result': {'code': 40007, 'text': '您的请求内容为空。'}},预期:code=40002
[2018-04-30 13:37:03.176483] INFO: jiekou: 当前模块 断言测试结果
[2018-04-30 13:37:03.176483] INFO: jiekou: 全部args参数参数信息 , ()
[2018-04-30 13:37:03.177483] INFO: jiekou: 全部kwargs参数信息 , {'asserqiwang': 'code=40002', 'fanhuijson': {'code': 0, 'result': {'code': 40007, 'text': '您的请求内容为空。'}}}
[2018-04-30 13:37:03.597507] INFO: jiekou: inputdata> 参数:{'password':'1222'}, url:https://api.douban.com/v2/photo/:id ,返回:{'code': 0, 'result': {'msg': 'uri_not_found', 'code': 1001, 'request': 'GET /v2/photo/:id'}},预期:
[2018-04-30 13:37:03.597507] INFO: jiekou: 当前模块 断言测试结果
[2018-04-30 13:37:03.598507] INFO: jiekou: 全部args参数参数信息 , ()
[2018-04-30 13:37:03.599507] INFO: jiekou: 全部kwargs参数信息 , {'asserqiwang': '', 'fanhuijson': {'code': 0, 'result': {'msg': 'uri_not_found', 'code': 1001, 'request': 'GET /v2/photo/:id'}}}
[2018-04-30 13:37:03.599507] INFO: jiekou: 填写测试预期值
[2018-04-30 13:37:58.053622] INFO: jiekou: 当前模块 requests封装
[2018-04-30 13:37:58.053622] INFO: jiekou: 全部args参数参数信息 , ()
[2018-04-30 13:37:58.054622] INFO: jiekou: 全部kwargs参数信息 , {}
[2018-04-30 13:37:58.070623] INFO: jiekou: 当前模块 解析测试用例文件
[2018-04-30 13:37:58.071623] INFO: jiekou: 全部args参数参数信息 , ('F:\\xuexi\\jiejko\\test_case_data\\case.xlsx',)
[2018-04-30 13:37:58.072623] INFO: jiekou: 全部kwargs参数信息 , {}
[2018-04-30 13:37:58.088624] INFO: jiekou: 当前模块 解析测试用例文件
[2018-04-30 13:37:58.089624] INFO: jiekou: 全部args参数参数信息 , ('F:\\xuexi\\jiejko\\test_case_data\\case.xlsx',)
[2018-04-30 13:37:58.089624] INFO: jiekou: 全部kwargs参数信息 , {}
[2018-04-30 13:37:58.093624] INFO: jiekou: 当前模块 测试
[2018-04-30 13:37:58.093624] INFO: jiekou: 全部args参数参数信息 , ()
[2018-04-30 13:37:58.094624] INFO: jiekou: 全部kwargs参数信息 , {}
[2018-04-30 13:37:58.135627] INFO: jiekou: inputdata> 参数:{'password':'1222'}, url:http://www.tuling123.com/openapi/api ,返回:{'code': 0, 'result': {'code': 40007, 'text': '您的请求内容为空。'}},预期:code=40001
[2018-04-30 13:37:58.135627] INFO: jiekou: 当前模块 断言测试结果
[2018-04-30 13:37:58.136627] INFO: jiekou: 全部args参数参数信息 , ()
[2018-04-30 13:37:58.137627] INFO: jiekou: 全部kwargs参数信息 , {'asserqiwang': 'code=40001', 'fanhuijson': {'code': 0, 'result': {'code': 40007, 'text': '您的请求内容为空。'}}}
[2018-04-30 13:37:58.161628] INFO: jiekou: inputdata> 参数:{'password':'1222'}, url:http://www.tuling123.com/openapi/api
 ,返回:{'code': 0, 'result': {'code': 40007, 'text': '您的请求内容为空。'}},预期:code=40002
[2018-04-30 13:37:58.161628] INFO: jiekou: 当前模块 断言测试结果
[2018-04-30 13:37:58.162628] INFO: jiekou: 全部args参数参数信息 , ()
[2018-04-30 13:37:58.163628] INFO: jiekou: 全部kwargs参数信息 , {'asserqiwang': 'code=40002', 'fanhuijson': {'code': 0, 'result': {'code': 40007, 'text': '您的请求内容为空。'}}}
[2018-04-30 13:37:58.597653] INFO: jiekou: inputdata> 参数:{'password':'1222'}, url:https://api.douban.com/v2/photo/:id ,返回:{'code': 0, 'result': {'msg': 'uri_not_found', 'code': 1001, 'request': 'GET /v2/photo/:id'}},预期:
[2018-04-30 13:37:58.599653] INFO: jiekou: 当前模块 断言测试结果
[2018-04-30 13:37:58.600653] INFO: jiekou: 全部args参数参数信息 , ()
[2018-04-30 13:37:58.601653] INFO: jiekou: 全部kwargs参数信息 , {'asserqiwang': '', 'fanhuijson': {'code': 0, 'result': {'msg': 'uri_not_found', 'code': 1001, 'request': 'GET /v2/photo/:id'}}}
[2018-04-30 13:37:58.603653] INFO: jiekou: 填写测试预期值
[2018-04-30 13:38:29.921445] INFO: jiekou: 当前模块 requests封装
[2018-04-30 13:38:29.922445] INFO: jiekou: 全部args参数参数信息 , ()
[2018-04-30 13:38:29.923445] INFO: jiekou: 全部kwargs参数信息 , {}
[2018-04-30 13:38:29.938446] INFO: jiekou: 当前模块 解析测试用例文件
[2018-04-30 13:38:29.939446] INFO: jiekou: 全部args参数参数信息 , ('F:\\xuexi\\jiejko\\test_case_data\\case.xlsx',)
[2018-04-30 13:38:29.939446] INFO: jiekou: 全部kwargs参数信息 , {}
[2018-04-30 13:38:29.955447] INFO: jiekou: 当前模块 解析测试用例文件
[2018-04-30 13:38:29.956447] INFO: jiekou: 全部args参数参数信息 , ('F:\\xuexi\\jiejko\\test_case_data\\case.xlsx',)
[2018-04-30 13:38:29.957447] INFO: jiekou: 全部kwargs参数信息 , {}
[2018-04-30 13:38:29.960447] INFO: jiekou: 当前模块 测试
[2018-04-30 13:38:29.961447] INFO: jiekou: 全部args参数参数信息 , ()
[2018-04-30 13:38:29.962447] INFO: jiekou: 全部kwargs参数信息 , {}
[2018-04-30 13:38:30.000449] INFO: jiekou: inputdata> 参数:{'password':'1222'}, url:http://www.tuling123.com/openapi/api ,返回:{'code': 0, 'result': {'code': 40007, 'text': '您的请求内容为空。'}},预期:code=40001
[2018-04-30 13:38:30.001449] INFO: jiekou: 当前模块 断言测试结果
[2018-04-30 13:38:30.001449] INFO: jiekou: 全部args参数参数信息 , ()
[2018-04-30 13:38:30.002449] INFO: jiekou: 全部kwargs参数信息 , {'asserqiwang': 'code=40001', 'fanhuijson': {'code': 0, 'result': {'code': 40007, 'text': '您的请求内容为空。'}}}
[2018-04-30 13:38:30.028451] INFO: jiekou: inputdata> 参数:{'password':'1222'}, url:http://www.tuling123.com/openapi/api
 ,返回:{'code': 0, 'result': {'code': 40007, 'text': '您的请求内容为空。'}},预期:code=40002
[2018-04-30 13:38:30.029451] INFO: jiekou: 当前模块 断言测试结果
[2018-04-30 13:38:30.030451] INFO: jiekou: 全部args参数参数信息 , ()
[2018-04-30 13:38:30.030451] INFO: jiekou: 全部kwargs参数信息 , {'asserqiwang': 'code=40002', 'fanhuijson': {'code': 0, 'result': {'code': 40007, 'text': '您的请求内容为空。'}}}
[2018-04-30 13:38:30.447475] INFO: jiekou: inputdata> 参数:{'password':'1222'}, url:https://api.douban.com/v2/photo/:id ,返回:{'code': 0, 'result': {'msg': 'uri_not_found', 'code': 1001, 'request': 'GET /v2/photo/:id'}},预期:
[2018-04-30 13:38:30.447475] INFO: jiekou: 当前模块 断言测试结果
[2018-04-30 13:38:30.448475] INFO: jiekou: 全部args参数参数信息 , ()
[2018-04-30 13:38:30.449475] INFO: jiekou: 全部kwargs参数信息 , {'asserqiwang': '', 'fanhuijson': {'code': 0, 'result': {'msg': 'uri_not_found', 'code': 1001, 'request': 'GET /v2/photo/:id'}}}
[2018-04-30 13:38:30.449475] INFO: jiekou: 填写测试预期值
[2018-04-30 13:46:04.126424] INFO: jiekou: 当前模块 requests封装
[2018-04-30 13:46:04.127424] INFO: jiekou: 全部args参数参数信息 , ()
[2018-04-30 13:46:04.128424] INFO: jiekou: 全部kwargs参数信息 , {}
[2018-04-30 13:46:04.144425] INFO: jiekou: 当前模块 解析测试用例文件
[2018-04-30 13:46:04.145425] INFO: jiekou: 全部args参数参数信息 , ('F:\\xuexi\\jiejko\\test_case_data\\case.xlsx',)
[2018-04-30 13:46:04.146425] INFO: jiekou: 全部kwargs参数信息 , {}
[2018-04-30 13:46:04.163426] INFO: jiekou: 当前模块 解析测试用例文件
[2018-04-30 13:46:04.164426] INFO: jiekou: 全部args参数参数信息 , ('F:\\xuexi\\jiejko\\test_case_data\\case.xlsx',)
[2018-04-30 13:46:04.164426] INFO: jiekou: 全部kwargs参数信息 , {}
[2018-04-30 13:46:04.168426] INFO: jiekou: 当前模块 测试
[2018-04-30 13:46:04.169426] INFO: jiekou: 全部args参数参数信息 , ()
[2018-04-30 13:46:04.170426] INFO: jiekou: 全部kwargs参数信息 , {}
[2018-04-30 13:46:04.209429] INFO: jiekou: inputdata> 参数:{'password':'1222'}, url:http://www.tuling123.com/openapi/api ,返回:{'code': 0, 'result': {'code': 40007, 'text': '您的请求内容为空。'}},预期:code=40001
[2018-04-30 13:46:04.210429] INFO: jiekou: 当前模块 断言测试结果
[2018-04-30 13:46:04.210429] INFO: jiekou: 全部args参数参数信息 , ()
[2018-04-30 13:46:04.211429] INFO: jiekou: 全部kwargs参数信息 , {'asserqiwang': 'code=40001', 'fanhuijson': {'code': 0, 'result': {'code': 40007, 'text': '您的请求内容为空。'}}}
[2018-04-30 13:46:04.240430] INFO: jiekou: inputdata> 参数:{'password':'1222'}, url:http://www.tuling123.com/openapi/api
 ,返回:{'code': 0, 'result': {'code': 40007, 'text': '您的请求内容为空。'}},预期:code=40002
[2018-04-30 13:46:04.241430] INFO: jiekou: 当前模块 断言测试结果
[2018-04-30 13:46:04.241430] INFO: jiekou: 全部args参数参数信息 , ()
[2018-04-30 13:46:04.242430] INFO: jiekou: 全部kwargs参数信息 , {'asserqiwang': 'code=40002', 'fanhuijson': {'code': 0, 'result': {'code': 40007, 'text': '您的请求内容为空。'}}}
[2018-04-30 13:46:04.664455] INFO: jiekou: inputdata> 参数:{'password':'1222'}, url:https://api.douban.com/v2/photo/:id ,返回:{'code': 0, 'result': {'msg': 'uri_not_found', 'code': 1001, 'request': 'GET /v2/photo/:id'}},预期:
[2018-04-30 13:46:04.666455] INFO: jiekou: 当前模块 断言测试结果
[2018-04-30 13:46:04.668455] INFO: jiekou: 全部args参数参数信息 , ()
[2018-04-30 13:46:04.670455] INFO: jiekou: 全部kwargs参数信息 , {'asserqiwang': '', 'fanhuijson': {'code': 0, 'result': {'msg': 'uri_not_found', 'code': 1001, 'request': 'GET /v2/photo/:id'}}}
[2018-04-30 13:46:04.671455] INFO: jiekou: 填写测试预期值
[2018-04-30 13:47:38.586827] INFO: jiekou: 当前模块 requests封装
[2018-04-30 13:47:38.587827] INFO: jiekou: 全部args参数参数信息 , ()
[2018-04-30 13:47:38.587827] INFO: jiekou: 全部kwargs参数信息 , {}
[2018-04-30 13:47:38.604828] INFO: jiekou: 当前模块 解析测试用例文件
[2018-04-30 13:47:38.604828] INFO: jiekou: 全部args参数参数信息 , ('F:\\xuexi\\jiejko\\test_case_data\\case.xlsx',)
[2018-04-30 13:47:38.605828] INFO: jiekou: 全部kwargs参数信息 , {}
[2018-04-30 13:47:38.621829] INFO: jiekou: 当前模块 解析测试用例文件
[2018-04-30 13:47:38.622829] INFO: jiekou: 全部args参数参数信息 , ('F:\\xuexi\\jiejko\\test_case_data\\case.xlsx',)
[2018-04-30 13:47:38.622829] INFO: jiekou: 全部kwargs参数信息 , {}
[2018-04-30 13:47:38.626829] INFO: jiekou: 当前模块 测试
[2018-04-30 13:47:38.627829] INFO: jiekou: 全部args参数参数信息 , ()
[2018-04-30 13:47:38.628829] INFO: jiekou: 全部kwargs参数信息 , {}
[2018-04-30 13:47:38.666831] INFO: jiekou: inputdata> 参数:{'password':'1222'}, url:http://www.tuling123.com/openapi/api ,返回:{'code': 0, 'result': {'code': 40007, 'text': '您的请求内容为空。'}},预期:code=40001
[2018-04-30 13:47:38.667831] INFO: jiekou: 当前模块 断言测试结果
[2018-04-30 13:47:38.667831] INFO: jiekou: 全部args参数参数信息 , ()
[2018-04-30 13:47:38.668831] INFO: jiekou: 全部kwargs参数信息 , {'asserqiwang': 'code=40001', 'fanhuijson': {'code': 0, 'result': {'code': 40007, 'text': '您的请求内容为空。'}}}
[2018-04-30 13:47:38.693833] INFO: jiekou: inputdata> 参数:{'password':'1222'}, url:http://www.tuling123.com/openapi/api
 ,返回:{'code': 0, 'result': {'code': 40007, 'text': '您的请求内容为空。'}},预期:code=40002
[2018-04-30 13:47:38.694833] INFO: jiekou: 当前模块 断言测试结果
[2018-04-30 13:47:38.694833] INFO: jiekou: 全部args参数参数信息 , ()
[2018-04-30 13:47:38.695833] INFO: jiekou: 全部kwargs参数信息 , {'asserqiwang': 'code=40002', 'fanhuijson': {'code': 0, 'result': {'code': 40007, 'text': '您的请求内容为空。'}}}
[2018-04-30 13:47:39.124857] INFO: jiekou: inputdata> 参数:{'password':'1222'}, url:https://api.douban.com/v2/photo/:id ,返回:{'code': 0, 'result': {'msg': 'uri_not_found', 'code': 1001, 'request': 'GET /v2/photo/:id'}},预期:
[2018-04-30 13:47:39.125857] INFO: jiekou: 当前模块 断言测试结果
[2018-04-30 13:47:39.125857] INFO: jiekou: 全部args参数参数信息 , ()
[2018-04-30 13:47:39.126858] INFO: jiekou: 全部kwargs参数信息 , {'asserqiwang': '', 'fanhuijson': {'code': 0, 'result': {'msg': 'uri_not_found', 'code': 1001, 'request': 'GET /v2/photo/:id'}}}
[2018-04-30 13:47:39.127858] INFO: jiekou: 填写测试预期值
[2018-04-30 13:49:25.423937] INFO: jiekou: 当前模块 requests封装
[2018-04-30 13:49:25.424937] INFO: jiekou: 全部args参数参数信息 , ()
[2018-04-30 13:49:25.425937] INFO: jiekou: 全部kwargs参数信息 , {}
[2018-04-30 13:49:25.441938] INFO: jiekou: 当前模块 解析测试用例文件
[2018-04-30 13:49:25.442938] INFO: jiekou: 全部args参数参数信息 , ('F:\\xuexi\\jiejko\\test_case_data\\case.xlsx',)
[2018-04-30 13:49:25.442938] INFO: jiekou: 全部kwargs参数信息 , {}
[2018-04-30 13:49:25.460939] INFO: jiekou: 当前模块 解析测试用例文件
[2018-04-30 13:49:25.460939] INFO: jiekou: 全部args参数参数信息 , ('F:\\xuexi\\jiejko\\test_case_data\\case.xlsx',)
[2018-04-30 13:49:25.461940] INFO: jiekou: 全部kwargs参数信息 , {}
[2018-04-30 13:49:25.465940] INFO: jiekou: 当前模块 测试
[2018-04-30 13:49:25.465940] INFO: jiekou: 全部args参数参数信息 , ()
[2018-04-30 13:49:25.466940] INFO: jiekou: 全部kwargs参数信息 , {}
[2018-04-30 13:49:25.506942] INFO: jiekou: inputdata> 参数:{'password':'1222'}, url:http://www.tuling123.com/openapi/api ,返回:{'code': 0, 'result': {'code': 40007, 'text': '您的请求内容为空。'}},预期:code=40001
[2018-04-30 13:49:25.507942] INFO: jiekou: 当前模块 断言测试结果
[2018-04-30 13:49:25.508942] INFO: jiekou: 全部args参数参数信息 , ()
[2018-04-30 13:49:25.509942] INFO: jiekou: 全部kwargs参数信息 , {'asserqiwang': 'code=40001', 'fanhuijson': {'code': 0, 'result': {'code': 40007, 'text': '您的请求内容为空。'}}}
[2018-04-30 13:49:25.531944] INFO: jiekou: inputdata> 参数:{'password':'1222'}, url:http://www.tuling123.com/openapi/api
 ,返回:{'code': 0, 'result': {'code': 40007, 'text': '您的请求内容为空。'}},预期:code=40002
[2018-04-30 13:49:25.532944] INFO: jiekou: 当前模块 断言测试结果
[2018-04-30 13:49:25.533944] INFO: jiekou: 全部args参数参数信息 , ()
[2018-04-30 13:49:25.533944] INFO: jiekou: 全部kwargs参数信息 , {'asserqiwang': 'code=40002', 'fanhuijson': {'code': 0, 'result': {'code': 40007, 'text': '您的请求内容为空。'}}}
[2018-04-30 13:49:25.951968] INFO: jiekou: inputdata> 参数:{'password':'1222'}, url:https://api.douban.com/v2/photo/:id ,返回:{'code': 0, 'result': {'msg': 'uri_not_found', 'code': 1001, 'request': 'GET /v2/photo/:id'}},预期:
[2018-04-30 13:49:25.952968] INFO: jiekou: 当前模块 断言测试结果
[2018-04-30 13:49:25.952968] INFO: jiekou: 全部args参数参数信息 , ()
[2018-04-30 13:49:25.953968] INFO: jiekou: 全部kwargs参数信息 , {'asserqiwang': '', 'fanhuijson': {'code': 0, 'result': {'msg': 'uri_not_found', 'code': 1001, 'request': 'GET /v2/photo/:id'}}}
[2018-04-30 13:49:25.954968] INFO: jiekou: 填写测试预期值
[2018-04-30 13:51:48.693132] INFO: jiekou: 当前模块 requests封装
[2018-04-30 13:51:48.695132] INFO: jiekou: 全部args参数参数信息 , ()
[2018-04-30 13:51:48.696132] INFO: jiekou: 全部kwargs参数信息 , {}
[2018-04-30 13:51:48.713133] INFO: jiekou: 当前模块 解析测试用例文件
[2018-04-30 13:51:48.714133] INFO: jiekou: 全部args参数参数信息 , ('F:\\xuexi\\jiejko\\test_case_data\\case.xlsx',)
[2018-04-30 13:51:48.715133] INFO: jiekou: 全部kwargs参数信息 , {}
[2018-04-30 13:51:48.731134] INFO: jiekou: 当前模块 解析测试用例文件
[2018-04-30 13:51:48.732134] INFO: jiekou: 全部args参数参数信息 , ('F:\\xuexi\\jiejko\\test_case_data\\case.xlsx',)
[2018-04-30 13:51:48.733134] INFO: jiekou: 全部kwargs参数信息 , {}
[2018-04-30 13:51:48.736134] INFO: jiekou: 当前模块 测试
[2018-04-30 13:51:48.737134] INFO: jiekou: 全部args参数参数信息 , ()
[2018-04-30 13:51:48.737134] INFO: jiekou: 全部kwargs参数信息 , {}
[2018-04-30 13:51:48.769136] INFO: jiekou: inputdata> 参数:{'password':'1222'}, url:http://www.tuling123.com/openapi/api ,返回:{'code': 0, 'result': {'code': 40007, 'text': '您的请求内容为空。'}},预期:code=40001
[2018-04-30 13:51:48.770136] INFO: jiekou: 当前模块 断言测试结果
[2018-04-30 13:51:48.771136] INFO: jiekou: 全部args参数参数信息 , ()
[2018-04-30 13:51:48.771136] INFO: jiekou: 全部kwargs参数信息 , {'asserqiwang': 'code=40001', 'fanhuijson': {'code': 0, 'result': {'code': 40007, 'text': '您的请求内容为空。'}}}
[2018-04-30 13:51:48.807138] INFO: jiekou: inputdata> 参数:{'password':'1222'}, url:http://www.tuling123.com/openapi/api
 ,返回:{'code': 0, 'result': {'code': 40007, 'text': '您的请求内容为空。'}},预期:code=40002
[2018-04-30 13:51:48.808138] INFO: jiekou: 当前模块 断言测试结果
[2018-04-30 13:51:48.809139] INFO: jiekou: 全部args参数参数信息 , ()
[2018-04-30 13:51:48.809139] INFO: jiekou: 全部kwargs参数信息 , {'asserqiwang': 'code=40002', 'fanhuijson': {'code': 0, 'result': {'code': 40007, 'text': '您的请求内容为空。'}}}
[2018-04-30 13:51:49.213162] INFO: jiekou: inputdata> 参数:{'password':'1222'}, url:https://api.douban.com/v2/photo/:id ,返回:{'code': 0, 'result': {'msg': 'uri_not_found', 'code': 1001, 'request': 'GET /v2/photo/:id'}},预期:
[2018-04-30 13:51:49.214162] INFO: jiekou: 当前模块 断言测试结果
[2018-04-30 13:51:49.215162] INFO: jiekou: 全部args参数参数信息 , ()
[2018-04-30 13:51:49.215162] INFO: jiekou: 全部kwargs参数信息 , {'asserqiwang': '', 'fanhuijson': {'code': 0, 'result': {'msg': 'uri_not_found', 'code': 1001, 'request': 'GET /v2/photo/:id'}}}
[2018-04-30 13:51:49.216162] INFO: jiekou: 填写测试预期值
[2018-04-30 13:53:27.270770] INFO: jiekou: 当前模块 requests封装
[2018-04-30 13:53:27.271770] INFO: jiekou: 全部args参数参数信息 , ()
[2018-04-30 13:53:27.271770] INFO: jiekou: 全部kwargs参数信息 , {}
[2018-04-30 13:53:27.287771] INFO: jiekou: 当前模块 解析测试用例文件
[2018-04-30 13:53:27.288771] INFO: jiekou: 全部args参数参数信息 , ('F:\\xuexi\\jiejko\\test_case_data\\case.xlsx',)
[2018-04-30 13:53:27.289771] INFO: jiekou: 全部kwargs参数信息 , {}
[2018-04-30 13:53:27.306772] INFO: jiekou: 当前模块 解析测试用例文件
[2018-04-30 13:53:27.306772] INFO: jiekou: 全部args参数参数信息 , ('F:\\xuexi\\jiejko\\test_case_data\\case.xlsx',)
[2018-04-30 13:53:27.307772] INFO: jiekou: 全部kwargs参数信息 , {}
[2018-04-30 13:53:27.311773] INFO: jiekou: 当前模块 测试
[2018-04-30 13:53:27.311773] INFO: jiekou: 全部args参数参数信息 , ()
[2018-04-30 13:53:27.312773] INFO: jiekou: 全部kwargs参数信息 , {}
[2018-04-30 13:53:27.349775] INFO: jiekou: inputdata> 参数:{'password':'1222'}, url:http://www.tuling123.com/openapi/api ,返回:{'code': 0, 'result': {'code': 40007, 'text': '您的请求内容为空。'}},预期:code=40001
[2018-04-30 13:53:27.349775] INFO: jiekou: 当前模块 断言测试结果
[2018-04-30 13:53:27.350775] INFO: jiekou: 全部args参数参数信息 , ()
[2018-04-30 13:53:27.351775] INFO: jiekou: 全部kwargs参数信息 , {'asserqiwang': 'code=40001', 'fanhuijson': {'code': 0, 'result': {'code': 40007, 'text': '您的请求内容为空。'}}}
[2018-04-30 13:53:27.373776] INFO: jiekou: inputdata> 参数:{'password':'1222'}, url:http://www.tuling123.com/openapi/api
 ,返回:{'code': 0, 'result': {'code': 40007, 'text': '您的请求内容为空。'}},预期:code=40002
[2018-04-30 13:53:27.374776] INFO: jiekou: 当前模块 断言测试结果
[2018-04-30 13:53:27.375776] INFO: jiekou: 全部args参数参数信息 , ()
[2018-04-30 13:53:27.375776] INFO: jiekou: 全部kwargs参数信息 , {'asserqiwang': 'code=40002', 'fanhuijson': {'code': 0, 'result': {'code': 40007, 'text': '您的请求内容为空。'}}}
[2018-04-30 13:53:28.336831] INFO: jiekou: inputdata> 参数:{'password':'1222'}, url:https://api.douban.com/v2/photo/:id ,返回:{'code': 0, 'result': {'msg': 'uri_not_found', 'code': 1001, 'request': 'GET /v2/photo/:id'}},预期:
[2018-04-30 13:53:28.338831] INFO: jiekou: 当前模块 断言测试结果
[2018-04-30 13:53:28.340831] INFO: jiekou: 全部args参数参数信息 , ()
[2018-04-30 13:53:28.341831] INFO: jiekou: 全部kwargs参数信息 , {'asserqiwang': '', 'fanhuijson': {'code': 0, 'result': {'msg': 'uri_not_found', 'code': 1001, 'request': 'GET /v2/photo/:id'}}}
[2018-04-30 13:53:28.343832] INFO: jiekou: 填写测试预期值
[2018-04-30 13:56:01.747606] INFO: jiekou: 当前模块 requests封装
[2018-04-30 13:56:01.748606] INFO: jiekou: 全部args参数参数信息 , ()
[2018-04-30 13:56:01.749606] INFO: jiekou: 全部kwargs参数信息 , {}
[2018-04-30 13:56:01.766607] INFO: jiekou: 当前模块 解析测试用例文件
[2018-04-30 13:56:01.767607] INFO: jiekou: 全部args参数参数信息 , ('F:\\xuexi\\jiejko\\test_case_data\\case.xlsx',)
[2018-04-30 13:56:01.767607] INFO: jiekou: 全部kwargs参数信息 , {}
[2018-04-30 13:56:01.784608] INFO: jiekou: 当前模块 解析测试用例文件
[2018-04-30 13:56:01.785608] INFO: jiekou: 全部args参数参数信息 , ('F:\\xuexi\\jiejko\\test_case_data\\case.xlsx',)
[2018-04-30 13:56:01.785608] INFO: jiekou: 全部kwargs参数信息 , {}
[2018-04-30 13:56:01.789608] INFO: jiekou: 当前模块 测试
[2018-04-30 13:56:01.790608] INFO: jiekou: 全部args参数参数信息 , ()
[2018-04-30 13:56:01.790608] INFO: jiekou: 全部kwargs参数信息 , {}
[2018-04-30 13:56:01.831611] INFO: jiekou: inputdata> 参数:{'password':'1222'}, url:http://www.tuling123.com/openapi/api ,返回:{'code': 0, 'result': {'code': 40007, 'text': '您的请求内容为空。'}},预期:code=40001
[2018-04-30 13:56:01.832611] INFO: jiekou: 当前模块 断言测试结果
[2018-04-30 13:56:01.833611] INFO: jiekou: 全部args参数参数信息 , ()
[2018-04-30 13:56:01.833611] INFO: jiekou: 全部kwargs参数信息 , {'asserqiwang': 'code=40001', 'fanhuijson': {'code': 0, 'result': {'code': 40007, 'text': '您的请求内容为空。'}}}
[2018-04-30 13:56:01.859612] INFO: jiekou: inputdata> 参数:{'password':'1222'}, url:http://www.tuling123.com/openapi/api
 ,返回:{'code': 0, 'result': {'code': 40007, 'text': '您的请求内容为空。'}},预期:code=40002
[2018-04-30 13:56:01.860612] INFO: jiekou: 当前模块 断言测试结果
[2018-04-30 13:56:01.860612] INFO: jiekou: 全部args参数参数信息 , ()
[2018-04-30 13:56:01.861612] INFO: jiekou: 全部kwargs参数信息 , {'asserqiwang': 'code=40002', 'fanhuijson': {'code': 0, 'result': {'code': 40007, 'text': '您的请求内容为空。'}}}
[2018-04-30 13:56:02.276636] INFO: jiekou: inputdata> 参数:{'password':'1222'}, url:https://api.douban.com/v2/photo/:id ,返回:{'code': 0, 'result': {'msg': 'uri_not_found', 'code': 1001, 'request': 'GET /v2/photo/:id'}},预期:
[2018-04-30 13:56:02.276636] INFO: jiekou: 当前模块 断言测试结果
[2018-04-30 13:56:02.277636] INFO: jiekou: 全部args参数参数信息 , ()
[2018-04-30 13:56:02.278636] INFO: jiekou: 全部kwargs参数信息 , {'asserqiwang': '', 'fanhuijson': {'code': 0, 'result': {'msg': 'uri_not_found', 'code': 1001, 'request': 'GET /v2/photo/:id'}}}
[2018-04-30 13:56:02.278636] INFO: jiekou: 填写测试预期值
[2018-04-30 13:58:25.406823] INFO: jiekou: 当前模块 requests封装
[2018-04-30 13:58:25.407823] INFO: jiekou: 全部args参数参数信息 , ()
[2018-04-30 13:58:25.407823] INFO: jiekou: 全部kwargs参数信息 , {}
[2018-04-30 13:58:25.423824] INFO: jiekou: 当前模块 解析测试用例文件
[2018-04-30 13:58:25.423824] INFO: jiekou: 全部args参数参数信息 , ('F:\\xuexi\\jiejko\\test_case_data\\case.xlsx',)
[2018-04-30 13:58:25.424824] INFO: jiekou: 全部kwargs参数信息 , {}
[2018-04-30 13:58:25.440825] INFO: jiekou: 当前模块 解析测试用例文件
[2018-04-30 13:58:25.441825] INFO: jiekou: 全部args参数参数信息 , ('F:\\xuexi\\jiejko\\test_case_data\\case.xlsx',)
[2018-04-30 13:58:25.442825] INFO: jiekou: 全部kwargs参数信息 , {}
[2018-04-30 13:58:25.445825] INFO: jiekou: 当前模块 测试
[2018-04-30 13:58:25.446825] INFO: jiekou: 全部args参数参数信息 , ()
[2018-04-30 13:58:25.447825] INFO: jiekou: 全部kwargs参数信息 , {}
[2018-04-30 13:58:25.504828] INFO: jiekou: inputdata> 参数:{'password':'1222'}, url:http://www.tuling123.com/openapi/api ,返回:{'code': 0, 'result': {'code': 40007, 'text': '您的请求内容为空。'}},预期:code=40001
[2018-04-30 13:58:25.505828] INFO: jiekou: 当前模块 断言测试结果
[2018-04-30 13:58:25.506828] INFO: jiekou: 全部args参数参数信息 , ()
[2018-04-30 13:58:25.506828] INFO: jiekou: 全部kwargs参数信息 , {'asserqiwang': 'code=40001', 'fanhuijson': {'code': 0, 'result': {'code': 40007, 'text': '您的请求内容为空。'}}}
[2018-04-30 13:58:25.534830] INFO: jiekou: inputdata> 参数:{'password':'1222'}, url:http://www.tuling123.com/openapi/api
 ,返回:{'code': 0, 'result': {'code': 40007, 'text': '您的请求内容为空。'}},预期:code=40002
[2018-04-30 13:58:25.534830] INFO: jiekou: 当前模块 断言测试结果
[2018-04-30 13:58:25.535830] INFO: jiekou: 全部args参数参数信息 , ()
[2018-04-30 13:58:25.536830] INFO: jiekou: 全部kwargs参数信息 , {'asserqiwang': 'code=40002', 'fanhuijson': {'code': 0, 'result': {'code': 40007, 'text': '您的请求内容为空。'}}}
[2018-04-30 13:58:26.007857] INFO: jiekou: inputdata> 参数:{'password':'1222'}, url:https://api.douban.com/v2/photo/:id ,返回:{'code': 0, 'result': {'msg': 'uri_not_found', 'code': 1001, 'request': 'GET /v2/photo/:id'}},预期:
[2018-04-30 13:58:26.008857] INFO: jiekou: 当前模块 断言测试结果
[2018-04-30 13:58:26.009857] INFO: jiekou: 全部args参数参数信息 , ()
[2018-04-30 13:58:26.009857] INFO: jiekou: 全部kwargs参数信息 , {'asserqiwang': '', 'fanhuijson': {'code': 0, 'result': {'msg': 'uri_not_found', 'code': 1001, 'request': 'GET /v2/photo/:id'}}}
[2018-04-30 13:58:26.010857] INFO: jiekou: 填写测试预期值
