[2018-02-27 12:18:25.241308] INFO: jiekou: 当前模块 requests封装
[2018-02-27 12:18:25.929347] INFO: jiekou: 当前模块 生成数据驱动所用数据
[2018-02-27 12:18:25.929347] INFO: jiekou: 当前模块 解析测试用例文件
[2018-02-27 12:18:25.971350] INFO: jiekou: 测试用例开始执行
[2018-02-27 12:18:25.971350] INFO: jiekou: 输入参数：url:http://www.tuling123.com/openapi/api,key:aaaa,参数:sasa,请求方式：POST
[2018-02-27 12:18:25.971350] INFO: jiekou: 输入参数：url:http://www.tuling123.com/openapi/api,key:aaaa,参数:sasa,请求方式：None
[2018-02-27 12:18:26.007352] INFO: jiekou: 返回结果:{'code': 40001, 'text': '亲爱的，key不对哦。'}
[2018-02-27 12:18:26.007352] INFO: jiekou: 当前模块 断言测试结果
[2018-02-27 12:18:26.008352] INFO: jiekou: 测试用例执行完毕
[2018-02-27 12:18:26.008352] INFO: jiekou: 测试用例开始执行
[2018-02-27 12:18:26.008352] INFO: jiekou: 输入参数：url:http://www.tuling123.com/openapi/api
,key:dfeb1cc8125943d29764a2f2f5c33739,参数:,请求方式：POST
[2018-02-27 12:18:26.008352] INFO: jiekou: 输入参数：url:http://www.tuling123.com/openapi/api
,key:dfeb1cc8125943d29764a2f2f5c33739,参数:,请求方式：None
[2018-02-27 12:18:26.036353] INFO: jiekou: 返回结果:{'code': 40002, 'text': '有什么话不方便说嘛？'}
[2018-02-27 12:18:26.037353] INFO: jiekou: 当前模块 断言测试结果
[2018-02-27 12:18:26.037353] INFO: jiekou: 测试用例执行完毕
[2018-02-27 12:18:26.037353] INFO: jiekou: 测试用例开始执行
[2018-02-27 12:18:26.037353] INFO: jiekou: 输入参数：url:https://api.douban.com/v2/photo/:id,key:,参数:,请求方式：GET
[2018-02-27 12:18:26.037353] INFO: jiekou: 输入参数：url:https://api.douban.com/v2/photo/:id,key:,参数:,请求方式：None
[2018-02-27 12:18:26.037353] INFO: jiekou: 测试用例执行完毕
[2018-02-27 12:19:15.172164] INFO: jiekou: 当前模块 requests封装
[2018-02-27 12:19:22.963609] INFO: jiekou: 当前模块 requests封装
[2018-02-27 12:20:17.034702] INFO: jiekou: 当前模块 requests封装
[2018-02-27 12:20:21.772973] INFO: jiekou: 当前模块 requests封装
[2018-02-27 12:20:21.844977] INFO: jiekou: 当前模块 生成数据驱动所用数据
[2018-02-27 12:20:21.845977] INFO: jiekou: 当前模块 解析测试用例文件
[2018-02-27 12:20:21.860978] INFO: jiekou: 测试用例开始执行
[2018-02-27 12:20:21.860978] INFO: jiekou: 输入参数：url:http://www.tuling123.com/openapi/api,key:aaaa,参数:sasa,请求方式：POST
[2018-02-27 12:20:21.860978] INFO: jiekou: 输入参数：url:http://www.tuling123.com/openapi/api,key:aaaa,参数:sasa,请求方式：None
[2018-02-27 12:20:21.889980] INFO: jiekou: 返回结果:{'code': 40001, 'text': '亲爱的，key不对哦。'}
[2018-02-27 12:20:21.889980] INFO: jiekou: 当前模块 断言测试结果
[2018-02-27 12:20:21.889980] INFO: jiekou: 测试用例执行完毕
[2018-02-27 12:20:21.890980] INFO: jiekou: 测试用例开始执行
[2018-02-27 12:20:21.890980] INFO: jiekou: 输入参数：url:http://www.tuling123.com/openapi/api
,key:dfeb1cc8125943d29764a2f2f5c33739,参数:,请求方式：POST
[2018-02-27 12:20:21.890980] INFO: jiekou: 输入参数：url:http://www.tuling123.com/openapi/api
,key:dfeb1cc8125943d29764a2f2f5c33739,参数:,请求方式：None
[2018-02-27 12:20:21.919982] INFO: jiekou: 返回结果:{'code': 40002, 'text': 'what?'}
[2018-02-27 12:20:21.919982] INFO: jiekou: 当前模块 断言测试结果
[2018-02-27 12:20:21.920982] INFO: jiekou: 测试用例执行完毕
[2018-02-27 12:20:21.920982] INFO: jiekou: 测试用例开始执行
[2018-02-27 12:20:21.920982] INFO: jiekou: 输入参数：url:https://api.douban.com/v2/photo/:id,key:,参数:,请求方式：GET
[2018-02-27 12:20:21.920982] INFO: jiekou: 输入参数：url:https://api.douban.com/v2/photo/:id,key:,参数:,请求方式：None
[2018-02-27 12:20:21.920982] INFO: jiekou: 测试用例执行完毕
[2018-02-27 12:30:17.375040] INFO: jiekou: 当前模块 requests封装
[2018-02-27 12:30:17.419042] INFO: jiekou: 当前模块 解析测试用例文件
[2018-02-27 12:30:17.447044] INFO: jiekou: 当前模块 解析测试用例文件
[2018-02-27 12:30:17.451044] INFO: jiekou: 当前模块 测试
[2018-02-27 12:30:17.516048] INFO: jiekou: inputdata> 参数:sasa, url:http://www.tuling123.com/openapi/api ,返回:{'code': 40001, 'text': '亲爱的，key不对哦。'},预期:code=40001
[2018-02-27 12:30:17.517048] INFO: jiekou: 当前模块 断言测试结果
[2018-02-27 12:30:17.572051] INFO: jiekou: inputdata> 参数:, url:http://www.tuling123.com/openapi/api
 ,返回:{'code': 40002, 'text': '你想说什么就直说，不用藏在心里哈~'},预期:code=40002
[2018-02-27 12:30:17.572051] INFO: jiekou: 当前模块 断言测试结果
[2018-02-27 12:31:33.235379] INFO: jiekou: 当前模块 requests封装
[2018-02-27 12:31:33.279381] INFO: jiekou: 当前模块 解析测试用例文件
[2018-02-27 12:31:33.299382] INFO: jiekou: 当前模块 解析测试用例文件
[2018-02-27 12:31:33.302382] INFO: jiekou: 当前模块 测试
[2018-02-27 12:31:33.361386] INFO: jiekou: inputdata> 参数:sasa, url:http://www.tuling123.com/openapi/api ,返回:{'code': 40001, 'text': '亲爱的，key不对哦。'},预期:code=40001
[2018-02-27 12:31:33.361386] INFO: jiekou: 当前模块 断言测试结果
[2018-02-27 12:31:33.426390] INFO: jiekou: inputdata> 参数:, url:http://www.tuling123.com/openapi/api
 ,返回:{'code': 40002, 'text': '是不是有什么难言之隐呢？'},预期:code=40002
[2018-02-27 12:31:33.427390] INFO: jiekou: 当前模块 断言测试结果
[2018-02-27 12:31:33.661403] INFO: jiekou: inputdata> 参数:, url:https://api.douban.com/v2/photo/:id ,返回:{'msg': 'uri_not_found', 'code': 1001, 'request': 'GET /v2/photo/:id'},预期:code=1001&msg=uri_not_found
[2018-02-27 12:31:33.662403] INFO: jiekou: 当前模块 断言测试结果
[2018-02-27 12:31:33.745408] INFO: jiekou: 当前模块 保存测试结果
