[2020-05-09 21:26:26.146912] INFO: jiekou: 当前模块 requests封装
[2020-05-09 21:26:26.147480] INFO: jiekou: 全部args参数参数信息 , ()
[2020-05-09 21:26:26.147625] INFO: jiekou: 全部kwargs参数信息 , {}
[2020-05-09 21:26:26.160731] INFO: jiekou: 当前模块 解析测试用例文件
[2020-05-09 21:26:26.160892] INFO: jiekou: 全部args参数参数信息 , ('/Users/lileilei/Desktop/testplan/jiekou-python3//test_case_data//case.xlsx',)
[2020-05-09 21:26:26.160982] INFO: jiekou: 全部kwargs参数信息 , {}
[2020-05-09 21:26:26.176000] INFO: jiekou: 当前模块 解析测试用例文件
[2020-05-09 21:26:26.176141] INFO: jiekou: 全部args参数参数信息 , ('/Users/lileilei/Desktop/testplan/jiekou-python3//test_case_data//case.xlsx',)
[2020-05-09 21:26:26.176228] INFO: jiekou: 全部kwargs参数信息 , {}
[2020-05-09 21:26:26.178431] INFO: jiekou: 当前模块 测试
[2020-05-09 21:26:26.178572] INFO: jiekou: 全部args参数参数信息 , ()
[2020-05-09 21:26:26.178657] INFO: jiekou: 全部kwargs参数信息 , {}
[2020-05-09 21:26:26.248284] INFO: jiekou: inputdata> 参数:{'password':'1222'}, url:/openapi/api ,返回:{'code': 0, 'result': {'code': 40007, 'text': '您的请求内容为空。'}},预期:code=40001
[2020-05-09 21:26:26.248775] INFO: jiekou: 当前模块 断言测试结果
[2020-05-09 21:26:26.249086] INFO: jiekou: 全部args参数参数信息 , ()
[2020-05-09 21:26:26.249296] INFO: jiekou: 全部kwargs参数信息 , {'asserqiwang': 'code=40001', 'fanhuijson': {'code': 0, 'result': {'code': 40007, 'text': '您的请求内容为空。'}}}
[2020-05-09 21:26:26.249518] INFO: jiekou: 失败重试中
[2020-05-09 21:26:27.039186] INFO: jiekou: inputdata> 参数:{'password':'1222'}, url:/openapi/api ,返回:{'code': 0, 'result': {'code': 40007, 'text': '您的请求内容为空。'}},预期:code=40001
[2020-05-09 21:26:27.039492] INFO: jiekou: 当前模块 断言测试结果
[2020-05-09 21:26:27.039683] INFO: jiekou: 全部args参数参数信息 , ()
[2020-05-09 21:26:27.039866] INFO: jiekou: 全部kwargs参数信息 , {'asserqiwang': 'code=40001', 'fanhuijson': {'code': 0, 'result': {'code': 40007, 'text': '您的请求内容为空。'}}}
[2020-05-09 21:26:27.040060] INFO: jiekou: 失败重试中
[2020-05-09 21:26:27.241708] INFO: jiekou: inputdata> 参数:{'password':'1222'}, url:/openapi/api ,返回:{'code': 0, 'result': {'code': 40007, 'text': '您的请求内容为空。'}},预期:code=40001
[2020-05-09 21:26:27.242303] INFO: jiekou: 当前模块 断言测试结果
[2020-05-09 21:26:27.242622] INFO: jiekou: 全部args参数参数信息 , ()
[2020-05-09 21:26:27.242898] INFO: jiekou: 全部kwargs参数信息 , {'asserqiwang': 'code=40001', 'fanhuijson': {'code': 0, 'result': {'code': 40007, 'text': '您的请求内容为空。'}}}
[2020-05-09 21:26:27.243198] INFO: jiekou: 失败重试中
[2020-05-09 21:26:27.289763] INFO: jiekou: inputdata> 参数:{'password':'1222'}, url:/openapi/api ,返回:{'code': 0, 'result': {'code': 40007, 'text': '您的请求内容为空。'}},预期:code=40001
[2020-05-09 21:26:27.289947] INFO: jiekou: 当前模块 断言测试结果
[2020-05-09 21:26:27.290041] INFO: jiekou: 全部args参数参数信息 , ()
[2020-05-09 21:26:27.290138] INFO: jiekou: 全部kwargs参数信息 , {'asserqiwang': 'code=40001', 'fanhuijson': {'code': 0, 'result': {'code': 40007, 'text': '您的请求内容为空。'}}}
[2020-05-09 21:26:27.290238] INFO: jiekou: 失败重试中
[2020-05-09 21:26:27.325698] INFO: jiekou: inputdata> 参数:{'password':'1222'}, url:/openapi/api ,返回:{'code': 0, 'result': {'code': 40007, 'text': '您的请求内容为空。'}},预期:code=40001
[2020-05-09 21:26:27.325985] INFO: jiekou: 当前模块 断言测试结果
[2020-05-09 21:26:27.326111] INFO: jiekou: 全部args参数参数信息 , ()
[2020-05-09 21:26:27.326209] INFO: jiekou: 全部kwargs参数信息 , {'asserqiwang': 'code=40001', 'fanhuijson': {'code': 0, 'result': {'code': 40007, 'text': '您的请求内容为空。'}}}
[2020-05-09 21:26:27.326313] INFO: jiekou: 失败重试中次数用完，最后结果
[2020-05-09 21:26:27.359156] INFO: jiekou: inputdata> 参数:{'password':'1222'}, url:/openapi/api ,返回:{'code': 0, 'result': {'code': 40007, 'text': '您的请求内容为空。'}},预期:code=40002
[2020-05-09 21:26:27.359364] INFO: jiekou: 当前模块 断言测试结果
[2020-05-09 21:26:27.359498] INFO: jiekou: 全部args参数参数信息 , ()
[2020-05-09 21:26:27.359596] INFO: jiekou: 全部kwargs参数信息 , {'asserqiwang': 'code=40002', 'fanhuijson': {'code': 0, 'result': {'code': 40007, 'text': '您的请求内容为空。'}}}
[2020-05-09 21:26:27.359701] INFO: jiekou: 失败重试中
[2020-05-09 21:26:27.402286] INFO: jiekou: inputdata> 参数:{'password':'1222'}, url:/openapi/api ,返回:{'code': 0, 'result': {'code': 40007, 'text': '您的请求内容为空。'}},预期:code=40002
[2020-05-09 21:26:27.402678] INFO: jiekou: 当前模块 断言测试结果
[2020-05-09 21:26:27.402931] INFO: jiekou: 全部args参数参数信息 , ()
[2020-05-09 21:26:27.403172] INFO: jiekou: 全部kwargs参数信息 , {'asserqiwang': 'code=40002', 'fanhuijson': {'code': 0, 'result': {'code': 40007, 'text': '您的请求内容为空。'}}}
[2020-05-09 21:26:27.403596] INFO: jiekou: 失败重试中
[2020-05-09 21:26:27.436515] INFO: jiekou: inputdata> 参数:{'password':'1222'}, url:/openapi/api ,返回:{'code': 0, 'result': {'code': 40007, 'text': '您的请求内容为空。'}},预期:code=40002
[2020-05-09 21:26:27.436946] INFO: jiekou: 当前模块 断言测试结果
[2020-05-09 21:26:27.437294] INFO: jiekou: 全部args参数参数信息 , ()
[2020-05-09 21:26:27.437570] INFO: jiekou: 全部kwargs参数信息 , {'asserqiwang': 'code=40002', 'fanhuijson': {'code': 0, 'result': {'code': 40007, 'text': '您的请求内容为空。'}}}
[2020-05-09 21:26:27.437859] INFO: jiekou: 失败重试中
[2020-05-09 21:26:27.487252] INFO: jiekou: inputdata> 参数:{'password':'1222'}, url:/openapi/api ,返回:{'code': 0, 'result': {'code': 40007, 'text': '您的请求内容为空。'}},预期:code=40002
[2020-05-09 21:26:27.487564] INFO: jiekou: 当前模块 断言测试结果
[2020-05-09 21:26:27.487755] INFO: jiekou: 全部args参数参数信息 , ()
[2020-05-09 21:26:27.487947] INFO: jiekou: 全部kwargs参数信息 , {'asserqiwang': 'code=40002', 'fanhuijson': {'code': 0, 'result': {'code': 40007, 'text': '您的请求内容为空。'}}}
[2020-05-09 21:26:27.488149] INFO: jiekou: 失败重试中
[2020-05-09 21:26:27.533249] INFO: jiekou: inputdata> 参数:{'password':'1222'}, url:/openapi/api ,返回:{'code': 0, 'result': {'code': 40007, 'text': '您的请求内容为空。'}},预期:code=40002
[2020-05-09 21:26:27.533613] INFO: jiekou: 当前模块 断言测试结果
[2020-05-09 21:26:27.534022] INFO: jiekou: 全部args参数参数信息 , ()
[2020-05-09 21:26:27.534234] INFO: jiekou: 全部kwargs参数信息 , {'asserqiwang': 'code=40002', 'fanhuijson': {'code': 0, 'result': {'code': 40007, 'text': '您的请求内容为空。'}}}
[2020-05-09 21:26:27.534415] INFO: jiekou: 失败重试中次数用完，最后结果
