[2018-03-08 14:55:42.512486] INFO: jiekou: 当前模块 requests封装
[2018-03-08 14:55:42.542488] INFO: jiekou: 当前模块 解析测试用例文件
[2018-03-08 14:55:42.683496] INFO: jiekou: 当前模块 解析测试用例文件
[2018-03-08 14:55:42.690496] INFO: jiekou: 当前模块 测试
[2018-03-08 14:55:42.759500] INFO: jiekou: inputdata> 参数:sasa, url:http://www.tuling123.com/openapi/api ,返回:{'code': 40007, 'text': '您的请求内容为空。'},预期:code=40001
[2018-03-08 14:55:42.759500] INFO: jiekou: 当前模块 断言测试结果
[2018-03-08 14:55:42.809503] INFO: jiekou: inputdata> 参数:, url:http://www.tuling123.com/openapi/api
 ,返回:{'code': 40007, 'text': '您的请求内容为空。'},预期:code=40002
[2018-03-08 14:55:42.809503] INFO: jiekou: 当前模块 断言测试结果
[2018-03-08 14:55:43.068518] INFO: jiekou: inputdata> 参数:, url:https://api.douban.com/v2/photo/:id ,返回:{'msg': 'uri_not_found', 'code': 1001, 'request': 'GET /v2/photo/:id'},预期:code=1001&msg=uri_not_found
[2018-03-08 14:55:43.068518] INFO: jiekou: 当前模块 断言测试结果
[2018-03-08 14:55:43.310532] INFO: jiekou: 当前模块 保存测试结果
[2018-03-08 14:55:54.463170] INFO: jiekou: 当前模块 requests封装
[2018-03-08 14:55:54.505172] INFO: jiekou: 当前模块 解析测试用例文件
[2018-03-08 14:55:54.532174] INFO: jiekou: 当前模块 解析测试用例文件
[2018-03-08 14:55:54.535174] INFO: jiekou: 当前模块 测试
[2018-03-08 14:55:54.591177] INFO: jiekou: inputdata> 参数:sasa, url:http://www.tuling123.com/openapi/api ,返回:{'code': 40007, 'text': '您的请求内容为空。'},预期:code=40001
[2018-03-08 14:55:54.591177] INFO: jiekou: 当前模块 断言测试结果
[2018-03-08 14:55:54.639180] INFO: jiekou: inputdata> 参数:, url:http://www.tuling123.com/openapi/api
 ,返回:{'code': 40007, 'text': '您的请求内容为空。'},预期:code=40002
[2018-03-08 14:55:54.639180] INFO: jiekou: 当前模块 断言测试结果
[2018-03-08 14:55:54.796189] INFO: jiekou: inputdata> 参数:, url:https://api.douban.com/v2/photo/:id ,返回:{'msg': 'uri_not_found', 'code': 1001, 'request': 'GET /v2/photo/:id'},预期:code=1001&msg=uri_not_found
[2018-03-08 14:55:54.797189] INFO: jiekou: 当前模块 断言测试结果
[2018-03-08 14:55:54.856192] INFO: jiekou: 当前模块 保存测试结果
[2018-03-08 14:56:08.696984] INFO: jiekou: 当前模块 requests封装
[2018-03-08 14:56:08.788989] INFO: jiekou: 当前模块 生成数据驱动所用数据
[2018-03-08 14:56:08.788989] INFO: jiekou: 当前模块 解析测试用例文件
[2018-03-08 14:56:08.876994] INFO: jiekou: 测试用例开始执行
[2018-03-08 14:56:08.876994] INFO: jiekou: 输入参数：url:http://www.tuling123.com/openapi/api,key:aaaa,参数:sasa,请求方式：POST
[2018-03-08 14:56:08.876994] INFO: jiekou: 输入参数：url:http://www.tuling123.com/openapi/api,key:aaaa,参数:sasa,请求方式：None
[2018-03-08 14:56:08.912996] INFO: jiekou: 返回结果:{'code': 40007, 'text': '您的请求内容为空。'}
[2018-03-08 14:56:08.913996] INFO: jiekou: 当前模块 断言测试结果
[2018-03-08 14:56:08.913996] INFO: jiekou: 测试用例执行完毕
[2018-03-08 14:56:08.913996] INFO: jiekou: 测试用例开始执行
[2018-03-08 14:56:08.913996] INFO: jiekou: 输入参数：url:http://www.tuling123.com/openapi/api
,key:dfeb1cc8125943d29764a2f2f5c33739,参数:,请求方式：POST
[2018-03-08 14:56:08.913996] INFO: jiekou: 输入参数：url:http://www.tuling123.com/openapi/api
,key:dfeb1cc8125943d29764a2f2f5c33739,参数:,请求方式：None
[2018-03-08 14:56:08.936998] INFO: jiekou: 返回结果:{'code': 40007, 'text': '您的请求内容为空。'}
[2018-03-08 14:56:08.936998] INFO: jiekou: 当前模块 断言测试结果
[2018-03-08 14:56:08.936998] INFO: jiekou: 测试用例执行完毕
[2018-03-08 14:56:08.937998] INFO: jiekou: 测试用例开始执行
[2018-03-08 14:56:08.937998] INFO: jiekou: 输入参数：url:https://api.douban.com/v2/photo/:id,key:,参数:,请求方式：GET
[2018-03-08 14:56:08.937998] INFO: jiekou: 输入参数：url:https://api.douban.com/v2/photo/:id,key:,参数:,请求方式：None
[2018-03-08 14:56:09.011002] INFO: jiekou: 返回结果:{'msg': 'uri_not_found', 'code': 1001, 'request': 'GET /v2/photo/:id'}
[2018-03-08 14:56:09.011002] INFO: jiekou: 当前模块 断言测试结果
[2018-03-08 14:56:09.012002] INFO: jiekou: 测试用例执行完毕
