[2018-03-23 15:13:24.505456] INFO: jiekou: 当前模块 requests封装
[2018-03-23 15:13:24.507456] INFO: jiekou: 全部args参数参数信息 , ()
[2018-03-23 15:13:24.508456] INFO: jiekou: 全部kwargs参数信息 , {}
[2018-03-23 15:13:24.670466] INFO: jiekou: 当前模块 解析测试用例文件
[2018-03-23 15:13:24.671466] INFO: jiekou: 全部args参数参数信息 , ()
[2018-03-23 15:13:24.671466] INFO: jiekou: 全部kwargs参数信息 , {}
[2018-03-23 15:13:24.816474] INFO: jiekou: 当前模块 解析测试用例文件
[2018-03-23 15:13:24.816474] INFO: jiekou: 全部args参数参数信息 , ()
[2018-03-23 15:13:24.816474] INFO: jiekou: 全部kwargs参数信息 , {}
[2018-03-23 15:13:24.819474] INFO: jiekou: 当前模块 测试
[2018-03-23 15:13:24.820474] INFO: jiekou: 全部args参数参数信息 , ()
[2018-03-23 15:13:24.820474] INFO: jiekou: 全部kwargs参数信息 , {}
[2018-03-23 15:13:24.891478] INFO: jiekou: inputdata> 参数:{'password':'1222'}, url:http://www.tuling123.com/openapi/api ,返回:{'code': 0, 'result': {'code': 40007, 'text': '您的请求内容为空。'}},预期:code=40001
[2018-03-23 15:13:24.891478] INFO: jiekou: 当前模块 断言测试结果
[2018-03-23 15:13:24.891478] INFO: jiekou: 全部args参数参数信息 , ()
[2018-03-23 15:13:24.891478] INFO: jiekou: 全部kwargs参数信息 , {'asserqiwang': 'code=40001', 'fanhuijson': {'code': 0, 'result': {'code': 40007, 'text': '您的请求内容为空。'}}}
[2018-03-23 15:13:24.919480] INFO: jiekou: inputdata> 参数:{'password':'1222'}, url:http://www.tuling123.com/openapi/api
 ,返回:{'code': 0, 'result': {'code': 40007, 'text': '您的请求内容为空。'}},预期:code=40002
[2018-03-23 15:13:24.920480] INFO: jiekou: 当前模块 断言测试结果
[2018-03-23 15:13:24.920480] INFO: jiekou: 全部args参数参数信息 , ()
[2018-03-23 15:13:24.920480] INFO: jiekou: 全部kwargs参数信息 , {'asserqiwang': 'code=40002', 'fanhuijson': {'code': 0, 'result': {'code': 40007, 'text': '您的请求内容为空。'}}}
[2018-03-23 15:13:25.114491] INFO: jiekou: inputdata> 参数:{'password':'1222'}, url:https://api.douban.com/v2/photo/:id ,返回:{'code': 0, 'result': {'msg': 'uri_not_found', 'code': 1001, 'request': 'GET /v2/photo/:id'}},预期:
[2018-03-23 15:13:25.114491] INFO: jiekou: 当前模块 断言测试结果
[2018-03-23 15:13:25.114491] INFO: jiekou: 全部args参数参数信息 , ()
[2018-03-23 15:13:25.114491] INFO: jiekou: 全部kwargs参数信息 , {'asserqiwang': '', 'fanhuijson': {'code': 0, 'result': {'msg': 'uri_not_found', 'code': 1001, 'request': 'GET /v2/photo/:id'}}}
[2018-03-23 15:13:25.115491] INFO: jiekou: 填写测试预期值
[2018-03-23 15:14:02.462627] INFO: jiekou: 当前模块 requests封装
[2018-03-23 15:14:02.463627] INFO: jiekou: 全部args参数参数信息 , ()
[2018-03-23 15:14:02.463627] INFO: jiekou: 全部kwargs参数信息 , {}
[2018-03-23 15:14:02.473628] INFO: jiekou: 当前模块 解析测试用例文件
[2018-03-23 15:14:02.473628] INFO: jiekou: 全部args参数参数信息 , ()
[2018-03-23 15:14:02.473628] INFO: jiekou: 全部kwargs参数信息 , {}
[2018-03-23 15:14:02.485629] INFO: jiekou: 当前模块 解析测试用例文件
[2018-03-23 15:14:02.485629] INFO: jiekou: 全部args参数参数信息 , ()
[2018-03-23 15:14:02.485629] INFO: jiekou: 全部kwargs参数信息 , {}
[2018-03-23 15:14:02.489629] INFO: jiekou: 当前模块 测试
[2018-03-23 15:14:02.489629] INFO: jiekou: 全部args参数参数信息 , ()
[2018-03-23 15:14:02.489629] INFO: jiekou: 全部kwargs参数信息 , {}
[2018-03-23 15:14:02.523631] INFO: jiekou: inputdata> 参数:{'password':'1222'}, url:http://www.tuling123.com/openapi/api ,返回:{'code': 0, 'result': {'code': 40007, 'text': '您的请求内容为空。'}},预期:code=40001
[2018-03-23 15:14:02.523631] INFO: jiekou: 当前模块 断言测试结果
[2018-03-23 15:14:02.523631] INFO: jiekou: 全部args参数参数信息 , ()
[2018-03-23 15:14:02.524631] INFO: jiekou: 全部kwargs参数信息 , {'asserqiwang': 'code=40001', 'fanhuijson': {'code': 0, 'result': {'code': 40007, 'text': '您的请求内容为空。'}}}
[2018-03-23 15:14:02.546632] INFO: jiekou: inputdata> 参数:{'password':'1222'}, url:http://www.tuling123.com/openapi/api
 ,返回:{'code': 0, 'result': {'code': 40007, 'text': '您的请求内容为空。'}},预期:code=40002
[2018-03-23 15:14:02.546632] INFO: jiekou: 当前模块 断言测试结果
[2018-03-23 15:14:02.546632] INFO: jiekou: 全部args参数参数信息 , ()
[2018-03-23 15:14:02.547632] INFO: jiekou: 全部kwargs参数信息 , {'asserqiwang': 'code=40002', 'fanhuijson': {'code': 0, 'result': {'code': 40007, 'text': '您的请求内容为空。'}}}
[2018-03-23 15:14:02.639637] INFO: jiekou: inputdata> 参数:{'password':'1222'}, url:https://api.douban.com/v2/photo/:id ,返回:{'code': 0, 'result': {'msg': 'uri_not_found', 'code': 1001, 'request': 'GET /v2/photo/:id'}},预期:
[2018-03-23 15:14:02.640637] INFO: jiekou: 当前模块 断言测试结果
[2018-03-23 15:14:02.640637] INFO: jiekou: 全部args参数参数信息 , ()
[2018-03-23 15:14:02.640637] INFO: jiekou: 全部kwargs参数信息 , {'asserqiwang': '', 'fanhuijson': {'code': 0, 'result': {'msg': 'uri_not_found', 'code': 1001, 'request': 'GET /v2/photo/:id'}}}
[2018-03-23 15:14:02.641637] INFO: jiekou: 填写测试预期值
[2018-03-23 15:14:02.750644] INFO: jiekou: 当前模块 保存测试结果
[2018-03-23 15:14:02.751644] INFO: jiekou: 全部args参数参数信息 , (datetime.datetime(2018, 3, 23, 15, 14, 2, 485629), 3, 0, 2)
[2018-03-23 15:14:02.751644] INFO: jiekou: 全部kwargs参数信息 , {}
[2018-03-23 15:14:37.586636] INFO: jiekou: 当前模块 requests封装
[2018-03-23 15:14:37.587636] INFO: jiekou: 全部args参数参数信息 , ()
[2018-03-23 15:14:37.587636] INFO: jiekou: 全部kwargs参数信息 , {}
[2018-03-23 15:14:37.597637] INFO: jiekou: 当前模块 解析测试用例文件
[2018-03-23 15:14:37.597637] INFO: jiekou: 全部args参数参数信息 , ()
[2018-03-23 15:14:37.597637] INFO: jiekou: 全部kwargs参数信息 , {}
[2018-03-23 15:14:37.730644] INFO: jiekou: 当前模块 解析测试用例文件
[2018-03-23 15:14:37.730644] INFO: jiekou: 全部args参数参数信息 , ()
[2018-03-23 15:14:37.730644] INFO: jiekou: 全部kwargs参数信息 , {}
[2018-03-23 15:14:37.738645] INFO: jiekou: 当前模块 测试
[2018-03-23 15:14:37.738645] INFO: jiekou: 全部args参数参数信息 , ()
[2018-03-23 15:14:37.739645] INFO: jiekou: 全部kwargs参数信息 , {}
[2018-03-23 15:14:37.773647] INFO: jiekou: inputdata> 参数:{'password':'1222'}, url:http://www.tuling123.com/openapi/api ,返回:{'code': 0, 'result': {'code': 40007, 'text': '您的请求内容为空。'}},预期:code=40001
[2018-03-23 15:14:37.774647] INFO: jiekou: 当前模块 断言测试结果
[2018-03-23 15:14:37.774647] INFO: jiekou: 全部args参数参数信息 , ()
[2018-03-23 15:14:37.774647] INFO: jiekou: 全部kwargs参数信息 , {'asserqiwang': 'code=40001', 'fanhuijson': {'code': 0, 'result': {'code': 40007, 'text': '您的请求内容为空。'}}}
[2018-03-23 15:14:37.799648] INFO: jiekou: inputdata> 参数:{'password':'1222'}, url:http://www.tuling123.com/openapi/api
 ,返回:{'code': 0, 'result': {'code': 40007, 'text': '您的请求内容为空。'}},预期:code=40002
[2018-03-23 15:14:37.799648] INFO: jiekou: 当前模块 断言测试结果
[2018-03-23 15:14:37.799648] INFO: jiekou: 全部args参数参数信息 , ()
[2018-03-23 15:14:37.800648] INFO: jiekou: 全部kwargs参数信息 , {'asserqiwang': 'code=40002', 'fanhuijson': {'code': 0, 'result': {'code': 40007, 'text': '您的请求内容为空。'}}}
[2018-03-23 15:14:37.920655] INFO: jiekou: inputdata> 参数:{'password':'1222'}, url:https://api.douban.com/v2/photo/:id ,返回:{'code': 0, 'result': {'msg': 'uri_not_found', 'code': 1001, 'request': 'GET /v2/photo/:id'}},预期:
[2018-03-23 15:14:37.920655] INFO: jiekou: 当前模块 断言测试结果
[2018-03-23 15:14:37.920655] INFO: jiekou: 全部args参数参数信息 , ()
[2018-03-23 15:14:37.920655] INFO: jiekou: 全部kwargs参数信息 , {'asserqiwang': '', 'fanhuijson': {'code': 0, 'result': {'msg': 'uri_not_found', 'code': 1001, 'request': 'GET /v2/photo/:id'}}}
[2018-03-23 15:14:37.920655] INFO: jiekou: 填写测试预期值
[2018-03-23 15:14:37.964658] INFO: jiekou: 当前模块 保存测试结果
[2018-03-23 15:14:37.965658] INFO: jiekou: 全部args参数参数信息 , (datetime.datetime(2018, 3, 23, 15, 14, 37, 729644), 3, 0, 2)
[2018-03-23 15:14:37.965658] INFO: jiekou: 全部kwargs参数信息 , {}
[2018-03-23 15:14:43.422970] INFO: jiekou: 当前模块 requests封装
[2018-03-23 15:14:43.422970] INFO: jiekou: 全部args参数参数信息 , ()
[2018-03-23 15:14:43.423970] INFO: jiekou: 全部kwargs参数信息 , {}
[2018-03-23 15:14:43.462972] INFO: jiekou: 当前模块 生成数据驱动所用数据
[2018-03-23 15:14:43.462972] INFO: jiekou: 全部args参数参数信息 , ()
[2018-03-23 15:14:43.462972] INFO: jiekou: 全部kwargs参数信息 , {}
[2018-03-23 15:14:43.463972] INFO: jiekou: 当前模块 解析测试用例文件
[2018-03-23 15:14:43.463972] INFO: jiekou: 全部args参数参数信息 , ()
[2018-03-23 15:14:43.463972] INFO: jiekou: 全部kwargs参数信息 , {}
[2018-03-23 15:14:43.548977] INFO: jiekou: 测试用例开始执行
[2018-03-23 15:14:43.548977] INFO: jiekou: 输入参数：url:http://www.tuling123.com/openapi/api,key:aaaa,参数:{'password':'1222'},请求方式：POST
[2018-03-23 15:14:43.548977] INFO: jiekou: 输入参数：url:http://www.tuling123.com/openapi/api,key:aaaa,参数:{'password':'1222'},请求方式：None
[2018-03-23 15:14:43.580979] INFO: jiekou: 返回结果:{'code': 0, 'result': {'code': 40007, 'text': '您的请求内容为空。'}}
[2018-03-23 15:14:43.580979] INFO: jiekou: 当前模块 断言测试结果
[2018-03-23 15:14:43.580979] INFO: jiekou: 全部args参数参数信息 , ()
[2018-03-23 15:14:43.580979] INFO: jiekou: 全部kwargs参数信息 , {'asserqingwang': 'code=40001'}
[2018-03-23 15:14:43.580979] INFO: jiekou: 测试用例执行完毕
[2018-03-23 15:14:43.581979] INFO: jiekou: 测试用例开始执行
[2018-03-23 15:14:43.581979] INFO: jiekou: 输入参数：url:http://www.tuling123.com/openapi/api
,key:dfeb1cc8125943d29764a2f2f5c33739,参数:{'password':'1222'},请求方式：POST
[2018-03-23 15:14:43.581979] INFO: jiekou: 输入参数：url:http://www.tuling123.com/openapi/api
,key:dfeb1cc8125943d29764a2f2f5c33739,参数:{'password':'1222'},请求方式：None
[2018-03-23 15:14:43.607981] INFO: jiekou: 返回结果:{'code': 0, 'result': {'code': 40007, 'text': '您的请求内容为空。'}}
[2018-03-23 15:14:43.607981] INFO: jiekou: 当前模块 断言测试结果
[2018-03-23 15:14:43.607981] INFO: jiekou: 全部args参数参数信息 , ()
[2018-03-23 15:14:43.607981] INFO: jiekou: 全部kwargs参数信息 , {'asserqingwang': 'code=40002'}
[2018-03-23 15:14:43.607981] INFO: jiekou: 测试用例执行完毕
[2018-03-23 15:14:43.607981] INFO: jiekou: 测试用例开始执行
[2018-03-23 15:14:43.608981] INFO: jiekou: 输入参数：url:https://api.douban.com/v2/photo/:id,key:dfeb1cc8125943d29764a2f2f5c33739,参数:{'password':'1222'},请求方式：GET
[2018-03-23 15:14:43.608981] INFO: jiekou: 输入参数：url:https://api.douban.com/v2/photo/:id,key:dfeb1cc8125943d29764a2f2f5c33739,参数:{'password':'1222'},请求方式：None
[2018-03-23 15:14:43.678985] INFO: jiekou: 返回结果:{'code': 0, 'result': {'msg': 'uri_not_found', 'code': 1001, 'request': 'GET /v2/photo/:id'}}
[2018-03-23 15:14:43.678985] INFO: jiekou: 当前模块 断言测试结果
[2018-03-23 15:14:43.678985] INFO: jiekou: 全部args参数参数信息 , ()
[2018-03-23 15:14:43.678985] INFO: jiekou: 全部kwargs参数信息 , {'asserqingwang': ''}
[2018-03-23 15:14:43.679985] INFO: jiekou: 填写测试预期值
[2018-03-23 15:14:43.679985] INFO: jiekou: 测试用例执行完毕
