[2018-06-21 13:02:37.633853] INFO: jiekou: 当前模块 requests封装
[2018-06-21 13:02:37.635853] INFO: jiekou: 全部args参数参数信息 , ()
[2018-06-21 13:02:37.635853] INFO: jiekou: 全部kwargs参数信息 , {}
[2018-06-21 13:02:37.650854] INFO: jiekou: 当前模块 解析测试用例文件
[2018-06-21 13:02:37.651854] INFO: jiekou: 全部args参数参数信息 , ('C:\\Users\\Administrator\\Desktop\\xuesheng\\jiekou-python3\\test_case_data\\case.xlsx',)
[2018-06-21 13:02:37.651854] INFO: jiekou: 全部kwargs参数信息 , {}
[2018-06-21 13:02:37.688856] INFO: jiekou: 当前模块 解析测试用例文件
[2018-06-21 13:02:37.688856] INFO: jiekou: 全部args参数参数信息 , ('C:\\Users\\Administrator\\Desktop\\xuesheng\\jiekou-python3\\test_case_data\\case.xlsx',)
[2018-06-21 13:02:37.689856] INFO: jiekou: 全部kwargs参数信息 , {}
[2018-06-21 13:02:37.692856] INFO: jiekou: 当前模块 测试
[2018-06-21 13:02:37.692856] INFO: jiekou: 全部args参数参数信息 , ()
[2018-06-21 13:02:37.693856] INFO: jiekou: 全部kwargs参数信息 , {}
[2018-06-21 13:02:37.741859] INFO: jiekou: inputdata> 参数:{'password':'1222'}, url:http://www.tuling123.com/openapi/api ,返回:{'code': 0, 'result': {'code': 40007, 'text': '您的请求内容为空。'}},预期:code=40001
[2018-06-21 13:02:37.741859] INFO: jiekou: 当前模块 断言测试结果
[2018-06-21 13:02:37.742859] INFO: jiekou: 全部args参数参数信息 , ()
[2018-06-21 13:02:37.742859] INFO: jiekou: 全部kwargs参数信息 , {'asserqiwang': 'code=40001', 'fanhuijson': {'code': 0, 'result': {'code': 40007, 'text': '您的请求内容为空。'}}}
[2018-06-21 13:02:37.770861] INFO: jiekou: inputdata> 参数:{'password':'1222'}, url:http://www.tuling123.com/openapi/api
 ,返回:{'code': 0, 'result': {'code': 40007, 'text': '您的请求内容为空。'}},预期:code=40002
[2018-06-21 13:02:37.770861] INFO: jiekou: 当前模块 断言测试结果
[2018-06-21 13:02:37.770861] INFO: jiekou: 全部args参数参数信息 , ()
[2018-06-21 13:02:37.770861] INFO: jiekou: 全部kwargs参数信息 , {'asserqiwang': 'code=40002', 'fanhuijson': {'code': 0, 'result': {'code': 40007, 'text': '您的请求内容为空。'}}}
[2018-06-21 13:02:37.958871] INFO: jiekou: inputdata> 参数:{'password':'1222'}, url:https://api.douban.com/v2/photo/:id ,返回:{'code': 0, 'result': {'msg': 'uri_not_found', 'code': 1001, 'request': 'GET /v2/photo/:id'}},预期:
[2018-06-21 13:02:37.959872] INFO: jiekou: 当前模块 断言测试结果
[2018-06-21 13:02:37.959872] INFO: jiekou: 全部args参数参数信息 , ()
[2018-06-21 13:02:37.959872] INFO: jiekou: 全部kwargs参数信息 , {'asserqiwang': '', 'fanhuijson': {'code': 0, 'result': {'msg': 'uri_not_found', 'code': 1001, 'request': 'GET /v2/photo/:id'}}}
[2018-06-21 13:02:37.959872] INFO: jiekou: 填写测试预期值
