[2017-11-01 10:06:23.188881] INFO: jiekou: 当前模块 requests封装
[2017-11-01 10:06:23.264885] INFO: jiekou: 当前模块 生成数据驱动所用数据
[2017-11-01 10:06:23.264885] INFO: jiekou: 当前模块 解析测试用例文件
[2017-11-01 10:06:23.278886] INFO: jiekou: 测试用例开始执行
[2017-11-01 10:06:23.278886] INFO: jiekou: 输入参数：url:http://www.tuling123.com/openapi/api,key:aaaa,参数:sasa,请求方式：POST
[2017-11-01 10:06:23.278886] INFO: jiekou: 输入参数：url:http://www.tuling123.com/openapi/api,key:aaaa,参数:sasa,请求方式：None
[2017-11-01 10:06:23.311888] INFO: jiekou: 返回结果:{'code': 40001, 'text': '亲爱的，key不对哦。'}
[2017-11-01 10:06:23.311888] INFO: jiekou: 当前模块 断言测试结果
[2017-11-01 10:06:23.312888] INFO: jiekou: 测试用例执行完毕
[2017-11-01 10:06:23.313888] INFO: jiekou: 测试用例开始执行
[2017-11-01 10:06:23.313888] INFO: jiekou: 输入参数：url:http://www.tuling123.com/openapi/api
,key:dfeb1cc8125943d29764a2f2f5c33739,参数:,请求方式：POST
[2017-11-01 10:06:23.313888] INFO: jiekou: 输入参数：url:http://www.tuling123.com/openapi/api
,key:dfeb1cc8125943d29764a2f2f5c33739,参数:,请求方式：None
[2017-11-01 10:06:23.343890] INFO: jiekou: 返回结果:{'code': 40002, 'text': '有啥事吗？'}
[2017-11-01 10:06:23.343890] INFO: jiekou: 当前模块 断言测试结果
[2017-11-01 10:06:23.344890] INFO: jiekou: 测试用例执行完毕
[2017-11-01 10:06:23.344890] INFO: jiekou: 测试用例开始执行
[2017-11-01 10:06:23.344890] INFO: jiekou: 输入参数：url:https://api.douban.com/v2/photo/:id,key:,参数:,请求方式：GET
[2017-11-01 10:06:23.344890] INFO: jiekou: 输入参数：url:https://api.douban.com/v2/photo/:id,key:,参数:,请求方式：None
[2017-11-01 10:06:23.344890] INFO: jiekou: 测试用例执行完毕
[2017-11-01 10:07:06.760373] INFO: jiekou: 当前模块 requests封装
[2017-11-01 10:07:06.838377] INFO: jiekou: 当前模块 生成数据驱动所用数据
[2017-11-01 10:07:06.838377] INFO: jiekou: 当前模块 解析测试用例文件
[2017-11-01 10:07:06.852378] INFO: jiekou: 测试用例开始执行
[2017-11-01 10:07:06.853378] INFO: jiekou: 输入参数：url:http://www.tuling123.com/openapi/api,key:aaaa,参数:sasa,请求方式：POST
[2017-11-01 10:07:06.853378] INFO: jiekou: 输入参数：url:http://www.tuling123.com/openapi/api,key:aaaa,参数:sasa,请求方式：None
[2017-11-01 10:07:06.886380] INFO: jiekou: 返回结果:{'code': 40001, 'text': '亲爱的，key不对哦。'}
[2017-11-01 10:07:06.886380] INFO: jiekou: 当前模块 断言测试结果
[2017-11-01 10:07:06.886380] INFO: jiekou: 测试用例执行完毕
[2017-11-01 10:07:06.887380] INFO: jiekou: 测试用例开始执行
[2017-11-01 10:07:06.887380] INFO: jiekou: 输入参数：url:http://www.tuling123.com/openapi/api
,key:dfeb1cc8125943d29764a2f2f5c33739,参数:,请求方式：POST
[2017-11-01 10:07:06.887380] INFO: jiekou: 输入参数：url:http://www.tuling123.com/openapi/api
,key:dfeb1cc8125943d29764a2f2f5c33739,参数:,请求方式：None
[2017-11-01 10:07:06.920382] INFO: jiekou: 返回结果:{'code': 40002, 'text': '此时无声胜有声？'}
[2017-11-01 10:07:06.920382] INFO: jiekou: 当前模块 断言测试结果
[2017-11-01 10:07:06.921382] INFO: jiekou: 测试用例执行完毕
[2017-11-01 10:07:06.921382] INFO: jiekou: 测试用例开始执行
[2017-11-01 10:07:06.921382] INFO: jiekou: 输入参数：url:https://api.douban.com/v2/photo/:id,key:,参数:,请求方式：GET
[2017-11-01 10:07:06.921382] INFO: jiekou: 输入参数：url:https://api.douban.com/v2/photo/:id,key:,参数:,请求方式：None
[2017-11-01 10:07:06.921382] INFO: jiekou: 测试用例执行完毕
[2017-11-01 10:07:20.637167] INFO: jiekou: 当前模块 requests封装
[2017-11-01 10:07:20.736172] INFO: jiekou: 当前模块 生成数据驱动所用数据
[2017-11-01 10:07:20.737172] INFO: jiekou: 当前模块 解析测试用例文件
[2017-11-01 10:07:20.749173] INFO: jiekou: 测试用例开始执行
[2017-11-01 10:07:20.749173] INFO: jiekou: 输入参数：url:http://www.tuling123.com/openapi/api,key:aaaa,参数:sasa,请求方式：POST
[2017-11-01 10:07:20.750173] INFO: jiekou: 输入参数：url:http://www.tuling123.com/openapi/api,key:aaaa,参数:sasa,请求方式：None
[2017-11-01 10:07:20.789175] INFO: jiekou: 返回结果:{'code': 40001, 'text': '亲爱的，key不对哦。'}
[2017-11-01 10:07:20.789175] INFO: jiekou: 当前模块 断言测试结果
[2017-11-01 10:07:24.632395] INFO: jiekou: 当前模块 requests封装
[2017-11-01 10:07:24.732401] INFO: jiekou: 当前模块 生成数据驱动所用数据
[2017-11-01 10:07:24.733401] INFO: jiekou: 当前模块 解析测试用例文件
[2017-11-01 10:07:24.745401] INFO: jiekou: 测试用例开始执行
[2017-11-01 10:07:24.746402] INFO: jiekou: 输入参数：url:http://www.tuling123.com/openapi/api,key:aaaa,参数:sasa,请求方式：POST
[2017-11-01 10:07:24.746402] INFO: jiekou: 输入参数：url:http://www.tuling123.com/openapi/api,key:aaaa,参数:sasa,请求方式：None
[2017-11-01 10:07:24.785404] INFO: jiekou: 返回结果:{'code': 40001, 'text': '亲爱的，key不对哦。'}
[2017-11-01 10:07:24.785404] INFO: jiekou: 当前模块 断言测试结果
[2017-11-01 10:07:53.710058] INFO: jiekou: 测试用例执行完毕
[2017-11-01 10:07:53.714058] INFO: jiekou: 测试用例开始执行
[2017-11-01 10:07:53.715058] INFO: jiekou: 输入参数：url:http://www.tuling123.com/openapi/api
,key:dfeb1cc8125943d29764a2f2f5c33739,参数:,请求方式：POST
[2017-11-01 10:07:53.715058] INFO: jiekou: 输入参数：url:http://www.tuling123.com/openapi/api
,key:dfeb1cc8125943d29764a2f2f5c33739,参数:,请求方式：None
[2017-11-01 10:07:53.748060] INFO: jiekou: 返回结果:{'code': 40002, 'text': '干哈呀？'}
[2017-11-01 10:07:53.749060] INFO: jiekou: 当前模块 断言测试结果
[2017-11-01 10:07:56.700229] INFO: jiekou: 当前模块 requests封装
[2017-11-01 10:07:56.801235] INFO: jiekou: 当前模块 生成数据驱动所用数据
[2017-11-01 10:07:56.801235] INFO: jiekou: 当前模块 解析测试用例文件
[2017-11-01 10:07:56.813236] INFO: jiekou: 测试用例开始执行
[2017-11-01 10:07:56.814236] INFO: jiekou: 输入参数：url:http://www.tuling123.com/openapi/api,key:aaaa,参数:sasa,请求方式：POST
[2017-11-01 10:07:56.814236] INFO: jiekou: 输入参数：url:http://www.tuling123.com/openapi/api,key:aaaa,参数:sasa,请求方式：None
[2017-11-01 10:07:56.849238] INFO: jiekou: 返回结果:{'code': 40001, 'text': '亲爱的，key不对哦。'}
[2017-11-01 10:07:56.849238] INFO: jiekou: 当前模块 断言测试结果
[2017-11-01 10:08:04.610682] INFO: jiekou: 当前模块 requests封装
[2017-11-01 10:08:04.689686] INFO: jiekou: 当前模块 生成数据驱动所用数据
[2017-11-01 10:08:04.689686] INFO: jiekou: 当前模块 解析测试用例文件
[2017-11-01 10:08:04.704687] INFO: jiekou: 测试用例开始执行
[2017-11-01 10:08:04.704687] INFO: jiekou: 输入参数：url:http://www.tuling123.com/openapi/api,key:aaaa,参数:sasa,请求方式：POST
[2017-11-01 10:08:04.704687] INFO: jiekou: 输入参数：url:http://www.tuling123.com/openapi/api,key:aaaa,参数:sasa,请求方式：None
[2017-11-01 10:08:04.738689] INFO: jiekou: 返回结果:{'code': 40001, 'text': '亲爱的，key不对哦。'}
[2017-11-01 10:08:04.738689] INFO: jiekou: 当前模块 断言测试结果
[2017-11-01 10:08:04.738689] INFO: jiekou: 测试用例执行完毕
[2017-11-01 10:08:04.740689] INFO: jiekou: 测试用例开始执行
[2017-11-01 10:08:04.740689] INFO: jiekou: 输入参数：url:http://www.tuling123.com/openapi/api
,key:dfeb1cc8125943d29764a2f2f5c33739,参数:,请求方式：POST
[2017-11-01 10:08:04.740689] INFO: jiekou: 输入参数：url:http://www.tuling123.com/openapi/api
,key:dfeb1cc8125943d29764a2f2f5c33739,参数:,请求方式：None
[2017-11-01 10:08:04.776691] INFO: jiekou: 返回结果:{'code': 40002, 'text': '有啥事吗？'}
[2017-11-01 10:08:04.776691] INFO: jiekou: 当前模块 断言测试结果
[2017-11-01 10:08:04.777691] INFO: jiekou: 测试用例执行完毕
[2017-11-01 10:08:04.777691] INFO: jiekou: 测试用例开始执行
[2017-11-01 10:08:04.778691] INFO: jiekou: 输入参数：url:https://api.douban.com/v2/photo/:id,key:,参数:,请求方式：GET
[2017-11-01 10:08:04.778691] INFO: jiekou: 输入参数：url:https://api.douban.com/v2/photo/:id,key:,参数:,请求方式：None
[2017-11-01 10:08:04.778691] INFO: jiekou: 测试用例执行完毕
[2017-11-01 10:20:30.384337] INFO: jiekou: 当前模块 requests封装
[2017-11-01 10:20:30.459342] INFO: jiekou: 当前模块 生成数据驱动所用数据
[2017-11-01 10:20:30.459342] INFO: jiekou: 当前模块 解析测试用例文件
[2017-11-01 10:20:30.474343] INFO: jiekou: 测试用例开始执行
[2017-11-01 10:20:30.474343] INFO: jiekou: 输入参数：url:http://www.tuling123.com/openapi/api,key:aaaa,参数:sasa,请求方式：POST
[2017-11-01 10:20:30.474343] INFO: jiekou: 输入参数：url:http://www.tuling123.com/openapi/api,key:aaaa,参数:sasa,请求方式：None
[2017-11-01 10:20:30.513345] INFO: jiekou: 返回结果:{'code': 40001, 'text': '亲爱的，key不对哦。'}
[2017-11-01 10:20:30.513345] INFO: jiekou: 当前模块 断言测试结果
[2017-11-01 10:20:30.514345] INFO: jiekou: 测试用例执行完毕
[2017-11-01 10:20:30.515345] INFO: jiekou: 测试用例开始执行
[2017-11-01 10:20:30.515345] INFO: jiekou: 输入参数：url:http://www.tuling123.com/openapi/api
,key:dfeb1cc8125943d29764a2f2f5c33739,参数:,请求方式：POST
[2017-11-01 10:20:30.515345] INFO: jiekou: 输入参数：url:http://www.tuling123.com/openapi/api
,key:dfeb1cc8125943d29764a2f2f5c33739,参数:,请求方式：None
[2017-11-01 10:20:30.544347] INFO: jiekou: 返回结果:{'code': 40002, 'text': '你想说什么就直说，不用藏在心里哈~'}
[2017-11-01 10:20:30.544347] INFO: jiekou: 当前模块 断言测试结果
[2017-11-01 10:20:30.544347] INFO: jiekou: 测试用例执行完毕
[2017-11-01 10:20:30.545347] INFO: jiekou: 测试用例开始执行
[2017-11-01 10:20:30.545347] INFO: jiekou: 输入参数：url:https://api.douban.com/v2/photo/:id,key:,参数:,请求方式：GET
[2017-11-01 10:20:30.545347] INFO: jiekou: 输入参数：url:https://api.douban.com/v2/photo/:id,key:,参数:,请求方式：None
[2017-11-01 10:20:30.545347] INFO: jiekou: 测试用例执行完毕
[2017-11-01 10:21:01.846137] INFO: jiekou: 当前模块 requests封装
[2017-11-01 10:21:01.921141] INFO: jiekou: 当前模块 生成数据驱动所用数据
[2017-11-01 10:21:01.921141] INFO: jiekou: 当前模块 解析测试用例文件
[2017-11-01 10:21:01.936142] INFO: jiekou: 测试用例开始执行
[2017-11-01 10:21:01.936142] INFO: jiekou: 输入参数：url:http://www.tuling123.com/openapi/api,key:aaaa,参数:sasa,请求方式：POST
[2017-11-01 10:21:01.936142] INFO: jiekou: 输入参数：url:http://www.tuling123.com/openapi/api,key:aaaa,参数:sasa,请求方式：None
[2017-11-01 10:21:01.972144] INFO: jiekou: 返回结果:{'code': 40001, 'text': '亲爱的，key不对哦。'}
[2017-11-01 10:21:01.972144] INFO: jiekou: 当前模块 断言测试结果
[2017-11-01 10:21:01.973144] INFO: jiekou: 测试用例执行完毕
[2017-11-01 10:21:01.973144] INFO: jiekou: 测试用例开始执行
[2017-11-01 10:21:01.974144] INFO: jiekou: 输入参数：url:http://www.tuling123.com/openapi/api
,key:dfeb1cc8125943d29764a2f2f5c33739,参数:,请求方式：POST
[2017-11-01 10:21:01.974144] INFO: jiekou: 输入参数：url:http://www.tuling123.com/openapi/api
,key:dfeb1cc8125943d29764a2f2f5c33739,参数:,请求方式：None
[2017-11-01 10:21:02.003146] INFO: jiekou: 返回结果:{'code': 40002, 'text': 'what?'}
[2017-11-01 10:21:02.003146] INFO: jiekou: 当前模块 断言测试结果
[2017-11-01 10:21:02.004146] INFO: jiekou: 测试用例执行完毕
[2017-11-01 10:21:02.005146] INFO: jiekou: 测试用例开始执行
[2017-11-01 10:21:02.005146] INFO: jiekou: 输入参数：url:https://api.douban.com/v2/photo/:id,key:,参数:,请求方式：GET
[2017-11-01 10:21:02.005146] INFO: jiekou: 输入参数：url:https://api.douban.com/v2/photo/:id,key:,参数:,请求方式：None
[2017-11-01 10:21:02.006146] INFO: jiekou: 测试用例执行完毕
[2017-11-01 10:21:44.590582] INFO: jiekou: 当前模块 requests封装
[2017-11-01 10:21:44.667586] INFO: jiekou: 当前模块 生成数据驱动所用数据
[2017-11-01 10:21:44.667586] INFO: jiekou: 当前模块 解析测试用例文件
[2017-11-01 10:21:44.682587] INFO: jiekou: 测试用例开始执行
[2017-11-01 10:21:44.682587] INFO: jiekou: 输入参数：url:http://www.tuling123.com/openapi/api,key:aaaa,参数:sasa,请求方式：POST
[2017-11-01 10:21:44.683587] INFO: jiekou: 输入参数：url:http://www.tuling123.com/openapi/api,key:aaaa,参数:sasa,请求方式：None
[2017-11-01 10:21:44.717589] INFO: jiekou: 返回结果:{'code': 40001, 'text': '亲爱的，key不对哦。'}
[2017-11-01 10:21:44.718589] INFO: jiekou: 当前模块 断言测试结果
[2017-11-01 10:21:44.718589] INFO: jiekou: 测试用例执行完毕
[2017-11-01 10:21:44.719589] INFO: jiekou: 测试用例开始执行
[2017-11-01 10:21:44.719589] INFO: jiekou: 输入参数：url:http://www.tuling123.com/openapi/api
,key:dfeb1cc8125943d29764a2f2f5c33739,参数:,请求方式：POST
[2017-11-01 10:21:44.719589] INFO: jiekou: 输入参数：url:http://www.tuling123.com/openapi/api
,key:dfeb1cc8125943d29764a2f2f5c33739,参数:,请求方式：None
[2017-11-01 10:21:44.755591] INFO: jiekou: 返回结果:{'code': 40002, 'text': '你想和我说什么呢?'}
[2017-11-01 10:21:44.755591] INFO: jiekou: 当前模块 断言测试结果
[2017-11-01 10:21:44.756591] INFO: jiekou: 测试用例执行完毕
[2017-11-01 10:21:44.757591] INFO: jiekou: 测试用例开始执行
[2017-11-01 10:21:44.757591] INFO: jiekou: 输入参数：url:https://api.douban.com/v2/photo/:id,key:,参数:,请求方式：GET
[2017-11-01 10:21:44.757591] INFO: jiekou: 输入参数：url:https://api.douban.com/v2/photo/:id,key:,参数:,请求方式：None
[2017-11-01 10:21:44.757591] INFO: jiekou: 测试用例执行完毕
[2017-11-01 10:23:21.727138] INFO: jiekou: 当前模块 requests封装
[2017-11-01 10:23:21.806142] INFO: jiekou: 当前模块 生成数据驱动所用数据
[2017-11-01 10:23:21.806142] INFO: jiekou: 当前模块 解析测试用例文件
[2017-11-01 10:23:21.821143] INFO: jiekou: 测试用例开始执行
[2017-11-01 10:23:21.821143] INFO: jiekou: 输入参数：url:http://www.tuling123.com/openapi/api,key:aaaa,参数:sasa,请求方式：POST
[2017-11-01 10:23:21.821143] INFO: jiekou: 输入参数：url:http://www.tuling123.com/openapi/api,key:aaaa,参数:sasa,请求方式：None
[2017-11-01 10:23:21.855145] INFO: jiekou: 返回结果:{'code': 40001, 'text': '亲爱的，key不对哦。'}
[2017-11-01 10:23:21.855145] INFO: jiekou: 当前模块 断言测试结果
[2017-11-01 10:23:21.855145] INFO: jiekou: 测试用例执行完毕
[2017-11-01 10:23:21.856145] INFO: jiekou: 测试用例开始执行
[2017-11-01 10:23:21.856145] INFO: jiekou: 输入参数：url:http://www.tuling123.com/openapi/api
,key:dfeb1cc8125943d29764a2f2f5c33739,参数:,请求方式：POST
[2017-11-01 10:23:21.857145] INFO: jiekou: 输入参数：url:http://www.tuling123.com/openapi/api
,key:dfeb1cc8125943d29764a2f2f5c33739,参数:,请求方式：None
[2017-11-01 10:23:21.886147] INFO: jiekou: 返回结果:{'code': 40002, 'text': 'what?'}
[2017-11-01 10:23:21.886147] INFO: jiekou: 当前模块 断言测试结果
[2017-11-01 10:23:21.886147] INFO: jiekou: 测试用例执行完毕
[2017-11-01 10:23:21.886147] INFO: jiekou: 测试用例开始执行
[2017-11-01 10:23:21.887147] INFO: jiekou: 输入参数：url:https://api.douban.com/v2/photo/:id,key:,参数:,请求方式：GET
[2017-11-01 10:23:21.887147] INFO: jiekou: 输入参数：url:https://api.douban.com/v2/photo/:id,key:,参数:,请求方式：None
[2017-11-01 10:23:21.887147] INFO: jiekou: 测试用例执行完毕
[2017-11-01 10:23:48.852689] INFO: jiekou: 当前模块 requests封装
[2017-11-01 10:23:48.928694] INFO: jiekou: 当前模块 生成数据驱动所用数据
[2017-11-01 10:23:48.928694] INFO: jiekou: 当前模块 解析测试用例文件
[2017-11-01 10:23:48.943694] INFO: jiekou: 测试用例开始执行
[2017-11-01 10:23:48.943694] INFO: jiekou: 输入参数：url:http://www.tuling123.com/openapi/api,key:aaaa,参数:sasa,请求方式：POST
[2017-11-01 10:23:48.943694] INFO: jiekou: 输入参数：url:http://www.tuling123.com/openapi/api,key:aaaa,参数:sasa,请求方式：None
[2017-11-01 10:23:48.981697] INFO: jiekou: 返回结果:{'code': 40001, 'text': '亲爱的，key不对哦。'}
[2017-11-01 10:23:48.981697] INFO: jiekou: 当前模块 断言测试结果
[2017-11-01 10:23:48.981697] INFO: jiekou: 测试用例执行完毕
[2017-11-01 10:23:48.982697] INFO: jiekou: 测试用例开始执行
[2017-11-01 10:23:48.983697] INFO: jiekou: 输入参数：url:http://www.tuling123.com/openapi/api
,key:dfeb1cc8125943d29764a2f2f5c33739,参数:,请求方式：POST
[2017-11-01 10:23:48.983697] INFO: jiekou: 输入参数：url:http://www.tuling123.com/openapi/api
,key:dfeb1cc8125943d29764a2f2f5c33739,参数:,请求方式：None
[2017-11-01 10:23:49.021699] INFO: jiekou: 返回结果:{'code': 40002, 'text': '干哈呀？'}
[2017-11-01 10:23:49.021699] INFO: jiekou: 当前模块 断言测试结果
[2017-11-01 10:23:49.021699] INFO: jiekou: 测试用例执行完毕
[2017-11-01 10:23:49.022699] INFO: jiekou: 测试用例开始执行
[2017-11-01 10:23:49.022699] INFO: jiekou: 输入参数：url:https://api.douban.com/v2/photo/:id,key:,参数:,请求方式：GET
[2017-11-01 10:23:49.022699] INFO: jiekou: 输入参数：url:https://api.douban.com/v2/photo/:id,key:,参数:,请求方式：None
[2017-11-01 10:23:49.022699] INFO: jiekou: 测试用例执行完毕
[2017-11-01 10:24:24.567732] INFO: jiekou: 当前模块 requests封装
[2017-11-01 10:24:24.644736] INFO: jiekou: 当前模块 生成数据驱动所用数据
[2017-11-01 10:24:24.644736] INFO: jiekou: 当前模块 解析测试用例文件
[2017-11-01 10:24:24.659737] INFO: jiekou: 测试用例开始执行
[2017-11-01 10:24:24.659737] INFO: jiekou: 输入参数：url:http://www.tuling123.com/openapi/api,key:aaaa,参数:sasa,请求方式：POST
[2017-11-01 10:24:24.659737] INFO: jiekou: 输入参数：url:http://www.tuling123.com/openapi/api,key:aaaa,参数:sasa,请求方式：None
[2017-11-01 10:24:24.694739] INFO: jiekou: 返回结果:{'code': 40001, 'text': '亲爱的，key不对哦。'}
[2017-11-01 10:24:24.694739] INFO: jiekou: 当前模块 断言测试结果
[2017-11-01 10:24:24.694739] INFO: jiekou: 测试用例执行完毕
[2017-11-01 10:24:24.696739] INFO: jiekou: 测试用例开始执行
[2017-11-01 10:24:24.696739] INFO: jiekou: 输入参数：url:http://www.tuling123.com/openapi/api
,key:dfeb1cc8125943d29764a2f2f5c33739,参数:,请求方式：POST
[2017-11-01 10:24:24.696739] INFO: jiekou: 输入参数：url:http://www.tuling123.com/openapi/api
,key:dfeb1cc8125943d29764a2f2f5c33739,参数:,请求方式：None
[2017-11-01 10:24:24.728741] INFO: jiekou: 返回结果:{'code': 40002, 'text': '干啥呀？'}
[2017-11-01 10:24:24.728741] INFO: jiekou: 当前模块 断言测试结果
[2017-11-01 10:24:24.728741] INFO: jiekou: 测试用例执行完毕
[2017-11-01 10:24:24.729741] INFO: jiekou: 测试用例开始执行
[2017-11-01 10:24:24.729741] INFO: jiekou: 输入参数：url:https://api.douban.com/v2/photo/:id,key:,参数:,请求方式：GET
[2017-11-01 10:24:24.729741] INFO: jiekou: 输入参数：url:https://api.douban.com/v2/photo/:id,key:,参数:,请求方式：None
[2017-11-01 10:24:24.729741] INFO: jiekou: 测试用例执行完毕
[2017-11-01 10:24:31.959155] INFO: jiekou: 当前模块 requests封装
[2017-11-01 10:24:32.040159] INFO: jiekou: 当前模块 生成数据驱动所用数据
[2017-11-01 10:24:32.040159] INFO: jiekou: 当前模块 解析测试用例文件
[2017-11-01 10:24:32.054160] INFO: jiekou: 测试用例开始执行
[2017-11-01 10:24:32.055160] INFO: jiekou: 输入参数：url:http://www.tuling123.com/openapi/api,key:aaaa,参数:sasa,请求方式：POST
[2017-11-01 10:24:32.055160] INFO: jiekou: 输入参数：url:http://www.tuling123.com/openapi/api,key:aaaa,参数:sasa,请求方式：None
[2017-11-01 10:24:32.089162] INFO: jiekou: 返回结果:{'code': 40001, 'text': '亲爱的，key不对哦。'}
[2017-11-01 10:24:32.090162] INFO: jiekou: 当前模块 断言测试结果
[2017-11-01 10:24:32.090162] INFO: jiekou: 测试用例执行完毕
[2017-11-01 10:24:32.091162] INFO: jiekou: 测试用例开始执行
[2017-11-01 10:24:32.091162] INFO: jiekou: 输入参数：url:http://www.tuling123.com/openapi/api
,key:dfeb1cc8125943d29764a2f2f5c33739,参数:,请求方式：POST
[2017-11-01 10:24:32.091162] INFO: jiekou: 输入参数：url:http://www.tuling123.com/openapi/api
,key:dfeb1cc8125943d29764a2f2f5c33739,参数:,请求方式：None
[2017-11-01 10:24:32.126164] INFO: jiekou: 返回结果:{'code': 40002, 'text': '有些话，难以说出口？'}
[2017-11-01 10:24:32.127164] INFO: jiekou: 当前模块 断言测试结果
[2017-11-01 10:24:32.127164] INFO: jiekou: 测试用例执行完毕
[2017-11-01 10:24:32.127164] INFO: jiekou: 测试用例开始执行
[2017-11-01 10:24:32.127164] INFO: jiekou: 输入参数：url:https://api.douban.com/v2/photo/:id,key:,参数:,请求方式：GET
[2017-11-01 10:24:32.128164] INFO: jiekou: 输入参数：url:https://api.douban.com/v2/photo/:id,key:,参数:,请求方式：None
[2017-11-01 10:24:32.128164] INFO: jiekou: 测试用例执行完毕
[2017-11-01 10:24:40.651652] INFO: jiekou: 当前模块 requests封装
[2017-11-01 10:24:40.728656] INFO: jiekou: 当前模块 生成数据驱动所用数据
[2017-11-01 10:24:40.728656] INFO: jiekou: 当前模块 解析测试用例文件
[2017-11-01 10:24:40.743657] INFO: jiekou: 测试用例开始执行
[2017-11-01 10:24:40.743657] INFO: jiekou: 输入参数：url:http://www.tuling123.com/openapi/api,key:aaaa,参数:sasa,请求方式：POST
[2017-11-01 10:24:40.743657] INFO: jiekou: 输入参数：url:http://www.tuling123.com/openapi/api,key:aaaa,参数:sasa,请求方式：None
[2017-11-01 10:24:40.777659] INFO: jiekou: 返回结果:{'code': 40001, 'text': '亲爱的，key不对哦。'}
[2017-11-01 10:24:40.777659] INFO: jiekou: 当前模块 断言测试结果
[2017-11-01 10:24:40.777659] INFO: jiekou: 测试用例执行完毕
[2017-11-01 10:24:40.778659] INFO: jiekou: 测试用例开始执行
[2017-11-01 10:24:40.778659] INFO: jiekou: 输入参数：url:http://www.tuling123.com/openapi/api
,key:dfeb1cc8125943d29764a2f2f5c33739,参数:,请求方式：POST
[2017-11-01 10:24:40.779659] INFO: jiekou: 输入参数：url:http://www.tuling123.com/openapi/api
,key:dfeb1cc8125943d29764a2f2f5c33739,参数:,请求方式：None
[2017-11-01 10:24:40.814661] INFO: jiekou: 返回结果:{'code': 40002, 'text': '干啥呀？'}
[2017-11-01 10:24:40.815661] INFO: jiekou: 当前模块 断言测试结果
[2017-11-01 10:24:40.815661] INFO: jiekou: 测试用例执行完毕
[2017-11-01 10:24:40.816661] INFO: jiekou: 测试用例开始执行
[2017-11-01 10:24:40.816661] INFO: jiekou: 输入参数：url:https://api.douban.com/v2/photo/:id,key:,参数:,请求方式：GET
[2017-11-01 10:24:40.816661] INFO: jiekou: 输入参数：url:https://api.douban.com/v2/photo/:id,key:,参数:,请求方式：None
[2017-11-01 10:24:40.817661] INFO: jiekou: 测试用例执行完毕
[2017-11-01 10:25:40.019048] INFO: jiekou: 当前模块 requests封装
[2017-11-01 10:25:40.093052] INFO: jiekou: 当前模块 生成数据驱动所用数据
[2017-11-01 10:25:40.094052] INFO: jiekou: 当前模块 解析测试用例文件
[2017-11-01 10:25:40.109053] INFO: jiekou: 测试用例开始执行
[2017-11-01 10:25:40.109053] INFO: jiekou: 输入参数：url:http://www.tuling123.com/openapi/api,key:aaaa,参数:sasa,请求方式：POST
[2017-11-01 10:25:40.109053] INFO: jiekou: 输入参数：url:http://www.tuling123.com/openapi/api,key:aaaa,参数:sasa,请求方式：None
[2017-11-01 10:25:40.143055] INFO: jiekou: 返回结果:{'code': 40001, 'text': '亲爱的，key不对哦。'}
[2017-11-01 10:25:40.143055] INFO: jiekou: 当前模块 断言测试结果
[2017-11-01 10:25:40.144055] INFO: jiekou: 测试用例执行完毕
[2017-11-01 10:25:40.144055] INFO: jiekou: 测试用例开始执行
[2017-11-01 10:25:40.144055] INFO: jiekou: 输入参数：url:http://www.tuling123.com/openapi/api
,key:dfeb1cc8125943d29764a2f2f5c33739,参数:,请求方式：POST
[2017-11-01 10:25:40.144055] INFO: jiekou: 输入参数：url:http://www.tuling123.com/openapi/api
,key:dfeb1cc8125943d29764a2f2f5c33739,参数:,请求方式：None
[2017-11-01 10:25:40.177057] INFO: jiekou: 返回结果:{'code': 40002, 'text': 'what?'}
[2017-11-01 10:25:40.177057] INFO: jiekou: 当前模块 断言测试结果
[2017-11-01 10:25:40.178057] INFO: jiekou: 测试用例执行完毕
[2017-11-01 10:25:40.178057] INFO: jiekou: 测试用例开始执行
[2017-11-01 10:25:40.178057] INFO: jiekou: 输入参数：url:https://api.douban.com/v2/photo/:id,key:,参数:,请求方式：GET
[2017-11-01 10:25:40.178057] INFO: jiekou: 输入参数：url:https://api.douban.com/v2/photo/:id,key:,参数:,请求方式：None
[2017-11-01 10:25:40.178057] INFO: jiekou: 测试用例执行完毕
