[2018-03-13 13:03:38.436201] INFO: jiekou: 当前模块 requests封装
[2018-03-13 13:03:38.438201] INFO: jiekou: 全部args参数参数信息 , ()
[2018-03-13 13:03:38.438201] INFO: jiekou: 全部kwargs参数信息 , {}
[2018-03-13 13:03:38.473203] INFO: jiekou: 当前模块 生成数据驱动所用数据
[2018-03-13 13:03:38.473203] INFO: jiekou: 全部args参数参数信息 , ()
[2018-03-13 13:03:38.474203] INFO: jiekou: 全部kwargs参数信息 , {}
[2018-03-13 13:03:38.474203] INFO: jiekou: 当前模块 解析测试用例文件
[2018-03-13 13:03:38.474203] INFO: jiekou: 全部args参数参数信息 , ()
[2018-03-13 13:03:38.474203] INFO: jiekou: 全部kwargs参数信息 , {}
[2018-03-13 13:03:38.506205] INFO: jiekou: 测试用例开始执行
[2018-03-13 13:03:38.506205] INFO: jiekou: 输入参数：url:http://www.tuling123.com/openapi/api,key:aaaa,参数:{'password':'1222'},请求方式：POST
[2018-03-13 13:03:38.506205] INFO: jiekou: 输入参数：url:http://www.tuling123.com/openapi/api,key:aaaa,参数:{'password':'1222'},请求方式：None
[2018-03-13 13:03:38.544207] INFO: jiekou: 返回结果:{'code': 0, 'result': {'code': 40007, 'text': '您的请求内容为空。'}}
[2018-03-13 13:03:38.545207] INFO: jiekou: 当前模块 断言测试结果
[2018-03-13 13:03:38.545207] INFO: jiekou: 全部args参数参数信息 , ()
[2018-03-13 13:03:38.545207] INFO: jiekou: 全部kwargs参数信息 , {'asserqingwang': 'code=40001'}
[2018-03-13 13:03:38.545207] INFO: jiekou: 测试用例执行完毕
[2018-03-13 13:03:38.545207] INFO: jiekou: 测试用例开始执行
[2018-03-13 13:03:38.545207] INFO: jiekou: 输入参数：url:http://www.tuling123.com/openapi/api
,key:dfeb1cc8125943d29764a2f2f5c33739,参数:{'password':'1222'},请求方式：POST
[2018-03-13 13:03:38.545207] INFO: jiekou: 输入参数：url:http://www.tuling123.com/openapi/api
,key:dfeb1cc8125943d29764a2f2f5c33739,参数:{'password':'1222'},请求方式：None
[2018-03-13 13:03:38.580209] INFO: jiekou: 返回结果:{'code': 0, 'result': {'code': 40007, 'text': '您的请求内容为空。'}}
[2018-03-13 13:03:38.580209] INFO: jiekou: 当前模块 断言测试结果
[2018-03-13 13:03:38.580209] INFO: jiekou: 全部args参数参数信息 , ()
[2018-03-13 13:03:38.580209] INFO: jiekou: 全部kwargs参数信息 , {'asserqingwang': 'code=40002'}
[2018-03-13 13:03:38.580209] INFO: jiekou: 测试用例执行完毕
[2018-03-13 13:03:38.580209] INFO: jiekou: 测试用例开始执行
[2018-03-13 13:03:38.581209] INFO: jiekou: 输入参数：url:https://api.douban.com/v2/photo/:id,key:dfeb1cc8125943d29764a2f2f5c33739,参数:{'password':'1222'},请求方式：GET
[2018-03-13 13:03:38.581209] INFO: jiekou: 输入参数：url:https://api.douban.com/v2/photo/:id,key:dfeb1cc8125943d29764a2f2f5c33739,参数:{'password':'1222'},请求方式：None
[2018-03-13 13:03:38.679215] INFO: jiekou: 返回结果:{'code': 0, 'result': {'msg': 'uri_not_found', 'code': 1001, 'request': 'GET /v2/photo/:id'}}
[2018-03-13 13:03:38.679215] INFO: jiekou: 当前模块 断言测试结果
[2018-03-13 13:03:38.679215] INFO: jiekou: 全部args参数参数信息 , ()
[2018-03-13 13:03:38.679215] INFO: jiekou: 全部kwargs参数信息 , {'asserqingwang': ''}
[2018-03-13 13:03:38.679215] INFO: jiekou: 填写测试预期值
[2018-03-13 13:03:38.680215] INFO: jiekou: 测试用例执行完毕
[2018-03-13 13:03:46.930686] INFO: jiekou: 当前模块 requests封装
[2018-03-13 13:03:46.931687] INFO: jiekou: 全部args参数参数信息 , ()
[2018-03-13 13:03:46.931687] INFO: jiekou: 全部kwargs参数信息 , {}
[2018-03-13 13:03:46.941687] INFO: jiekou: 当前模块 解析测试用例文件
[2018-03-13 13:03:46.941687] INFO: jiekou: 全部args参数参数信息 , ()
[2018-03-13 13:03:46.941687] INFO: jiekou: 全部kwargs参数信息 , {}
[2018-03-13 13:03:46.951688] INFO: jiekou: 当前模块 解析测试用例文件
[2018-03-13 13:03:46.952688] INFO: jiekou: 全部args参数参数信息 , ()
[2018-03-13 13:03:46.952688] INFO: jiekou: 全部kwargs参数信息 , {}
[2018-03-13 13:03:46.955688] INFO: jiekou: 当前模块 测试
[2018-03-13 13:03:46.955688] INFO: jiekou: 全部args参数参数信息 , ()
[2018-03-13 13:03:46.955688] INFO: jiekou: 全部kwargs参数信息 , {}
[2018-03-13 13:03:47.013691] INFO: jiekou: inputdata> 参数:{'password':'1222'}, url:http://www.tuling123.com/openapi/api ,返回:{'code': 0, 'result': {'code': 40007, 'text': '您的请求内容为空。'}},预期:code=40001
[2018-03-13 13:03:47.013691] INFO: jiekou: 当前模块 断言测试结果
[2018-03-13 13:03:47.013691] INFO: jiekou: 全部args参数参数信息 , ()
[2018-03-13 13:03:47.013691] INFO: jiekou: 全部kwargs参数信息 , {'asserqiwang': 'code=40001', 'fanhuijson': {'code': 0, 'result': {'code': 40007, 'text': '您的请求内容为空。'}}}
[2018-03-13 13:03:47.049693] INFO: jiekou: 当前模块 保存测试结果
[2018-03-13 13:03:47.049693] INFO: jiekou: 全部args参数参数信息 , (datetime.datetime(2018, 3, 13, 13, 3, 46, 951688), 1, 0, 1)
[2018-03-13 13:03:47.049693] INFO: jiekou: 全部kwargs参数信息 , {}
[2018-03-13 13:04:28.797081] INFO: jiekou: 当前模块 requests封装
[2018-03-13 13:04:28.798081] INFO: jiekou: 全部args参数参数信息 , ()
[2018-03-13 13:04:28.798081] INFO: jiekou: 全部kwargs参数信息 , {}
[2018-03-13 13:04:28.809082] INFO: jiekou: 当前模块 解析测试用例文件
[2018-03-13 13:04:28.809082] INFO: jiekou: 全部args参数参数信息 , ()
[2018-03-13 13:04:28.809082] INFO: jiekou: 全部kwargs参数信息 , {}
[2018-03-13 13:04:28.819082] INFO: jiekou: 当前模块 解析测试用例文件
[2018-03-13 13:04:28.820082] INFO: jiekou: 全部args参数参数信息 , ()
[2018-03-13 13:04:28.820082] INFO: jiekou: 全部kwargs参数信息 , {}
[2018-03-13 13:04:28.823083] INFO: jiekou: 当前模块 测试
[2018-03-13 13:04:28.823083] INFO: jiekou: 全部args参数参数信息 , ()
[2018-03-13 13:04:28.824083] INFO: jiekou: 全部kwargs参数信息 , {}
[2018-03-13 13:04:28.882086] INFO: jiekou: inputdata> 参数:{'password':'1222'}, url:http://www.tuling123.com/openapi/api ,返回:{'code': 0, 'result': {'code': 40007, 'text': '您的请求内容为空。'}},预期:code=40001
[2018-03-13 13:04:28.883086] INFO: jiekou: 当前模块 断言测试结果
[2018-03-13 13:04:28.883086] INFO: jiekou: 全部args参数参数信息 , ()
[2018-03-13 13:04:28.883086] INFO: jiekou: 全部kwargs参数信息 , {'asserqiwang': 'code=40001', 'fanhuijson': {'code': 0, 'result': {'code': 40007, 'text': '您的请求内容为空。'}}}
[2018-03-13 13:04:28.924088] INFO: jiekou: 当前模块 保存测试结果
[2018-03-13 13:04:28.924088] INFO: jiekou: 全部args参数参数信息 , (datetime.datetime(2018, 3, 13, 13, 4, 28, 819082), 1, 0, 1)
[2018-03-13 13:04:28.924088] INFO: jiekou: 全部kwargs参数信息 , {}
[2018-03-13 13:06:19.357405] INFO: jiekou: 当前模块 requests封装
[2018-03-13 13:06:19.357405] INFO: jiekou: 全部args参数参数信息 , ()
[2018-03-13 13:06:19.358405] INFO: jiekou: 全部kwargs参数信息 , {}
[2018-03-13 13:06:19.368405] INFO: jiekou: 当前模块 解析测试用例文件
[2018-03-13 13:06:19.368405] INFO: jiekou: 全部args参数参数信息 , ()
[2018-03-13 13:06:19.368405] INFO: jiekou: 全部kwargs参数信息 , {}
[2018-03-13 13:06:19.379406] INFO: jiekou: 当前模块 解析测试用例文件
[2018-03-13 13:06:19.379406] INFO: jiekou: 全部args参数参数信息 , ()
[2018-03-13 13:06:19.379406] INFO: jiekou: 全部kwargs参数信息 , {}
[2018-03-13 13:06:19.382406] INFO: jiekou: 当前模块 测试
[2018-03-13 13:06:19.383406] INFO: jiekou: 全部args参数参数信息 , ()
[2018-03-13 13:06:19.383406] INFO: jiekou: 全部kwargs参数信息 , {}
[2018-03-13 13:06:19.437409] INFO: jiekou: inputdata> 参数:{'password':'1222'}, url:http://www.tuling123.com/openapi/api ,返回:{'code': 0, 'result': {'code': 40007, 'text': '您的请求内容为空。'}},预期:code=40001
[2018-03-13 13:06:19.437409] INFO: jiekou: 当前模块 断言测试结果
[2018-03-13 13:06:19.437409] INFO: jiekou: 全部args参数参数信息 , ()
[2018-03-13 13:06:19.438409] INFO: jiekou: 全部kwargs参数信息 , {'asserqiwang': 'code=40001', 'fanhuijson': {'code': 0, 'result': {'code': 40007, 'text': '您的请求内容为空。'}}}
[2018-03-13 13:06:19.480412] INFO: jiekou: 当前模块 保存测试结果
[2018-03-13 13:06:19.480412] INFO: jiekou: 全部args参数参数信息 , (datetime.datetime(2018, 3, 13, 13, 6, 19, 379406), 1, 0, 1)
[2018-03-13 13:06:19.480412] INFO: jiekou: 全部kwargs参数信息 , {}
[2018-03-13 13:06:43.145765] INFO: jiekou: 当前模块 requests封装
[2018-03-13 13:06:43.146765] INFO: jiekou: 全部args参数参数信息 , ()
[2018-03-13 13:06:43.146765] INFO: jiekou: 全部kwargs参数信息 , {}
[2018-03-13 13:06:43.156766] INFO: jiekou: 当前模块 解析测试用例文件
[2018-03-13 13:06:43.157766] INFO: jiekou: 全部args参数参数信息 , ()
[2018-03-13 13:06:43.157766] INFO: jiekou: 全部kwargs参数信息 , {}
[2018-03-13 13:06:43.167767] INFO: jiekou: 当前模块 解析测试用例文件
[2018-03-13 13:06:43.168767] INFO: jiekou: 全部args参数参数信息 , ()
[2018-03-13 13:06:43.168767] INFO: jiekou: 全部kwargs参数信息 , {}
[2018-03-13 13:06:43.171767] INFO: jiekou: 当前模块 测试
[2018-03-13 13:06:43.171767] INFO: jiekou: 全部args参数参数信息 , ()
[2018-03-13 13:06:43.172767] INFO: jiekou: 全部kwargs参数信息 , {}
[2018-03-13 13:06:43.227770] INFO: jiekou: inputdata> 参数:{'password':'1222'}, url:http://www.tuling123.com/openapi/api ,返回:{'code': 0, 'result': {'code': 40007, 'text': '您的请求内容为空。'}},预期:code=40001
[2018-03-13 13:06:43.227770] INFO: jiekou: 当前模块 断言测试结果
[2018-03-13 13:06:43.227770] INFO: jiekou: 全部args参数参数信息 , ()
[2018-03-13 13:06:43.228770] INFO: jiekou: 全部kwargs参数信息 , {'asserqiwang': 'code=40001', 'fanhuijson': {'code': 0, 'result': {'code': 40007, 'text': '您的请求内容为空。'}}}
[2018-03-13 13:06:43.259772] INFO: jiekou: 当前模块 保存测试结果
[2018-03-13 13:06:43.259772] INFO: jiekou: 全部args参数参数信息 , (datetime.datetime(2018, 3, 13, 13, 6, 43, 167767), 1, 0, 1)
[2018-03-13 13:06:43.259772] INFO: jiekou: 全部kwargs参数信息 , {}
[2018-03-13 13:07:10.223314] INFO: jiekou: 当前模块 requests封装
[2018-03-13 13:07:10.224314] INFO: jiekou: 全部args参数参数信息 , ()
[2018-03-13 13:07:10.224314] INFO: jiekou: 全部kwargs参数信息 , {}
[2018-03-13 13:07:10.234315] INFO: jiekou: 当前模块 解析测试用例文件
[2018-03-13 13:07:10.234315] INFO: jiekou: 全部args参数参数信息 , ()
[2018-03-13 13:07:10.234315] INFO: jiekou: 全部kwargs参数信息 , {}
[2018-03-13 13:07:10.244315] INFO: jiekou: 当前模块 解析测试用例文件
[2018-03-13 13:07:10.244315] INFO: jiekou: 全部args参数参数信息 , ()
[2018-03-13 13:07:10.245315] INFO: jiekou: 全部kwargs参数信息 , {}
[2018-03-13 13:07:10.248316] INFO: jiekou: 当前模块 测试
[2018-03-13 13:07:10.249316] INFO: jiekou: 全部args参数参数信息 , ()
[2018-03-13 13:07:10.249316] INFO: jiekou: 全部kwargs参数信息 , {}
[2018-03-13 13:07:10.300319] INFO: jiekou: inputdata> 参数:{'password':'1222'}, url:http://www.tuling123.com/openapi/api ,返回:{'code': 0, 'result': {'code': 40007, 'text': '您的请求内容为空。'}},预期:code=40001
[2018-03-13 13:07:10.301319] INFO: jiekou: 当前模块 断言测试结果
[2018-03-13 13:07:10.301319] INFO: jiekou: 全部args参数参数信息 , ()
[2018-03-13 13:07:10.301319] INFO: jiekou: 全部kwargs参数信息 , {'asserqiwang': 'code=40001', 'fanhuijson': {'code': 0, 'result': {'code': 40007, 'text': '您的请求内容为空。'}}}
[2018-03-13 13:07:10.354322] INFO: jiekou: inputdata> 参数:{'password':'1222'}, url:http://www.tuling123.com/openapi/api
 ,返回:{'code': 0, 'result': {'code': 40007, 'text': '您的请求内容为空。'}},预期:code=40002
[2018-03-13 13:07:10.354322] INFO: jiekou: 当前模块 断言测试结果
[2018-03-13 13:07:10.355322] INFO: jiekou: 全部args参数参数信息 , ()
[2018-03-13 13:07:10.355322] INFO: jiekou: 全部kwargs参数信息 , {'asserqiwang': 'code=40002', 'fanhuijson': {'code': 0, 'result': {'code': 40007, 'text': '您的请求内容为空。'}}}
[2018-03-13 13:07:10.564334] INFO: jiekou: inputdata> 参数:{'password':'1222'}, url:https://api.douban.com/v2/photo/:id ,返回:{'code': 0, 'result': {'msg': 'uri_not_found', 'code': 1001, 'request': 'GET /v2/photo/:id'}},预期:
[2018-03-13 13:07:10.564334] INFO: jiekou: 当前模块 断言测试结果
[2018-03-13 13:07:10.564334] INFO: jiekou: 全部args参数参数信息 , ()
[2018-03-13 13:07:10.564334] INFO: jiekou: 全部kwargs参数信息 , {'asserqiwang': '', 'fanhuijson': {'code': 0, 'result': {'msg': 'uri_not_found', 'code': 1001, 'request': 'GET /v2/photo/:id'}}}
[2018-03-13 13:07:10.564334] INFO: jiekou: 填写测试预期值
[2018-03-13 13:07:10.596335] INFO: jiekou: 当前模块 保存测试结果
[2018-03-13 13:07:10.596335] INFO: jiekou: 全部args参数参数信息 , (datetime.datetime(2018, 3, 13, 13, 7, 10, 244315), 3, 0, 2)
[2018-03-13 13:07:10.596335] INFO: jiekou: 全部kwargs参数信息 , {}
[2018-03-13 13:07:40.687057] INFO: jiekou: 当前模块 requests封装
[2018-03-13 13:07:40.688057] INFO: jiekou: 全部args参数参数信息 , ()
[2018-03-13 13:07:40.688057] INFO: jiekou: 全部kwargs参数信息 , {}
[2018-03-13 13:07:40.698057] INFO: jiekou: 当前模块 解析测试用例文件
[2018-03-13 13:07:40.698057] INFO: jiekou: 全部args参数参数信息 , ()
[2018-03-13 13:07:40.698057] INFO: jiekou: 全部kwargs参数信息 , {}
[2018-03-13 13:07:40.708058] INFO: jiekou: 当前模块 解析测试用例文件
[2018-03-13 13:07:40.709058] INFO: jiekou: 全部args参数参数信息 , ()
[2018-03-13 13:07:40.709058] INFO: jiekou: 全部kwargs参数信息 , {}
[2018-03-13 13:07:40.712058] INFO: jiekou: 当前模块 测试
[2018-03-13 13:07:40.712058] INFO: jiekou: 全部args参数参数信息 , ()
[2018-03-13 13:07:40.712058] INFO: jiekou: 全部kwargs参数信息 , {}
[2018-03-13 13:07:40.769061] INFO: jiekou: inputdata> 参数:{'password':'1222'}, url:http://www.tuling123.com/openapi/api ,返回:{'code': 0, 'result': {'code': 40007, 'text': '您的请求内容为空。'}},预期:code=40001
[2018-03-13 13:07:40.770061] INFO: jiekou: 当前模块 断言测试结果
[2018-03-13 13:07:40.770061] INFO: jiekou: 全部args参数参数信息 , ()
[2018-03-13 13:07:40.770061] INFO: jiekou: 全部kwargs参数信息 , {'asserqiwang': 'code=40001', 'fanhuijson': {'code': 0, 'result': {'code': 40007, 'text': '您的请求内容为空。'}}}
[2018-03-13 13:07:40.824064] INFO: jiekou: inputdata> 参数:{'password':'1222'}, url:http://www.tuling123.com/openapi/api
 ,返回:{'code': 0, 'result': {'code': 40007, 'text': '您的请求内容为空。'}},预期:code=40002
[2018-03-13 13:07:40.824064] INFO: jiekou: 当前模块 断言测试结果
[2018-03-13 13:07:40.824064] INFO: jiekou: 全部args参数参数信息 , ()
[2018-03-13 13:07:40.824064] INFO: jiekou: 全部kwargs参数信息 , {'asserqiwang': 'code=40002', 'fanhuijson': {'code': 0, 'result': {'code': 40007, 'text': '您的请求内容为空。'}}}
[2018-03-13 13:07:40.961072] INFO: jiekou: inputdata> 参数:{'password':'1222'}, url:https://api.douban.com/v2/photo/:id ,返回:{'code': 0, 'result': {'msg': 'uri_not_found', 'code': 1001, 'request': 'GET /v2/photo/:id'}},预期:
[2018-03-13 13:07:40.961072] INFO: jiekou: 当前模块 断言测试结果
[2018-03-13 13:07:40.961072] INFO: jiekou: 全部args参数参数信息 , ()
[2018-03-13 13:07:40.961072] INFO: jiekou: 全部kwargs参数信息 , {'asserqiwang': '', 'fanhuijson': {'code': 0, 'result': {'msg': 'uri_not_found', 'code': 1001, 'request': 'GET /v2/photo/:id'}}}
[2018-03-13 13:07:40.961072] INFO: jiekou: 填写测试预期值
[2018-03-13 13:07:40.962072] INFO: jiekou: 当前模块 保存测试结果
[2018-03-13 13:07:40.962072] INFO: jiekou: 全部args参数参数信息 , (datetime.datetime(2018, 3, 13, 13, 7, 40, 708058), 3, 0, 2)
[2018-03-13 13:07:40.962072] INFO: jiekou: 全部kwargs参数信息 , {}
