[2022-01-15 17:13:18.278787] INFO: jiekou: 当前模块 生成数据驱动所用数据
[2022-01-15 17:13:18.279456] INFO: jiekou: 全部args参数参数信息 , ()
[2022-01-15 17:13:18.279559] INFO: jiekou: 全部kwargs参数信息 , {}
[2022-01-15 17:13:18.279680] INFO: jiekou: 当前模块 解析测试用例文件
[2022-01-15 17:13:18.279771] INFO: jiekou: 全部args参数参数信息 , ('/Users/lileilei/Desktop/testplan/jiekou-python3/test_case_data/case.xlsx',)
[2022-01-15 17:13:18.279854] INFO: jiekou: 全部kwargs参数信息 , {}
[2022-01-15 17:13:18.329953] INFO: jiekou: 测试用例开始执行
[2022-01-15 17:13:18.330178] INFO: jiekou: 输入参数：url:/openapi/api,key:aaaa,参数:{'password':'1222'},请求方式：POST
[2022-01-15 17:13:18.330315] INFO: jiekou: 输入参数：url:/openapi/api,key:aaaa,参数:{'password':'1222'},请求方式：None
[2022-01-15 17:13:18.332452] INFO: jiekou: 返回结果:{'code': 1, 'result': "请求异常:Invalid URL '/openapi/api': No schema supplied. Perhaps you meant http:///openapi/api?"}
[2022-01-15 17:13:18.332630] INFO: jiekou: 当前模块 断言测试结果
[2022-01-15 17:13:18.332736] INFO: jiekou: 全部args参数参数信息 , ()
[2022-01-15 17:13:18.332829] INFO: jiekou: 全部kwargs参数信息 , {'asserqingwang': 'code=40001'}
[2022-01-15 17:13:18.332943] INFO: jiekou: 测试用例执行完毕
[2022-01-15 17:13:18.333088] INFO: jiekou: 测试用例开始执行
[2022-01-15 17:13:18.333234] INFO: jiekou: 输入参数：url:/openapi/api,key:dfeb1cc8125943d29764a2f2f5c33739,参数:{'password':'1222'},请求方式：POST
[2022-01-15 17:13:18.333332] INFO: jiekou: 输入参数：url:/openapi/api,key:dfeb1cc8125943d29764a2f2f5c33739,参数:{'password':'1222'},请求方式：None
[2022-01-15 17:13:18.333739] INFO: jiekou: 返回结果:{'code': 1, 'result': "请求异常:Invalid URL '/openapi/api': No schema supplied. Perhaps you meant http:///openapi/api?"}
[2022-01-15 17:13:18.334014] INFO: jiekou: 当前模块 断言测试结果
[2022-01-15 17:13:18.334274] INFO: jiekou: 全部args参数参数信息 , ()
[2022-01-15 17:13:18.334553] INFO: jiekou: 全部kwargs参数信息 , {'asserqingwang': 'code=40002'}
[2022-01-15 17:13:18.334695] INFO: jiekou: 测试用例执行完毕
