[2018-03-29 13:00:14.587058] INFO: jiekou: 当前模块 解析测试用例文件
[2018-03-29 13:00:14.601059] INFO: jiekou: 全部args参数参数信息 , ()
[2018-03-29 13:00:14.601059] INFO: jiekou: 全部kwargs参数信息 , {}
[2018-03-29 13:00:14.707065] INFO: jiekou: 当前模块 解析测试用例文件
[2018-03-29 13:00:14.707065] INFO: jiekou: 全部args参数参数信息 , ()
[2018-03-29 13:00:14.708065] INFO: jiekou: 全部kwargs参数信息 , {}
[2018-03-29 13:00:14.711065] INFO: jiekou: 当前模块 dubbo接口测试
[2018-03-29 13:00:14.711065] INFO: jiekou: 全部args参数参数信息 , ()
[2018-03-29 13:00:14.712065] INFO: jiekou: 全部kwargs参数信息 , {}
[2018-03-29 13:00:53.118262] INFO: jiekou: 当前模块 解析测试用例文件
[2018-03-29 13:00:53.118262] INFO: jiekou: 全部args参数参数信息 , ()
[2018-03-29 13:00:53.119262] INFO: jiekou: 全部kwargs参数信息 , {}
[2018-03-29 13:00:53.127262] INFO: jiekou: 当前模块 解析测试用例文件
[2018-03-29 13:00:53.127262] INFO: jiekou: 全部args参数参数信息 , ()
[2018-03-29 13:00:53.127262] INFO: jiekou: 全部kwargs参数信息 , {}
[2018-03-29 13:00:53.131263] INFO: jiekou: 当前模块 dubbo接口测试
[2018-03-29 13:00:53.131263] INFO: jiekou: 全部args参数参数信息 , ()
[2018-03-29 13:00:53.131263] INFO: jiekou: 全部kwargs参数信息 , {}
[2018-03-29 13:07:03.557450] INFO: jiekou: 当前模块 requests封装
[2018-03-29 13:07:03.558450] INFO: jiekou: 全部args参数参数信息 , ()
[2018-03-29 13:07:03.558450] INFO: jiekou: 全部kwargs参数信息 , {}
[2018-03-29 13:07:03.575451] INFO: jiekou: 当前模块 解析测试用例文件
[2018-03-29 13:07:03.575451] INFO: jiekou: 全部args参数参数信息 , ('C:\\Users\\Administrator\\Desktop\\jiekou-python3\\test_case\\case.xlsx',)
[2018-03-29 13:07:03.575451] INFO: jiekou: 全部kwargs参数信息 , {}
[2018-03-29 13:07:03.620453] INFO: jiekou: 当前模块 解析测试用例文件
[2018-03-29 13:07:03.621453] INFO: jiekou: 全部args参数参数信息 , ()
[2018-03-29 13:07:03.621453] INFO: jiekou: 全部kwargs参数信息 , {}
[2018-03-29 13:07:44.560795] INFO: jiekou: 当前模块 requests封装
[2018-03-29 13:07:44.560795] INFO: jiekou: 全部args参数参数信息 , ()
[2018-03-29 13:07:44.561795] INFO: jiekou: 全部kwargs参数信息 , {}
[2018-03-29 13:07:44.571796] INFO: jiekou: 当前模块 解析测试用例文件
[2018-03-29 13:07:44.571796] INFO: jiekou: 全部args参数参数信息 , ('C:\\Users\\Administrator\\Desktop\\jiekou-python3\\test_case\\case.xlsx',)
[2018-03-29 13:07:44.571796] INFO: jiekou: 全部kwargs参数信息 , {}
[2018-03-29 13:07:44.581796] INFO: jiekou: 当前模块 解析测试用例文件
[2018-03-29 13:07:44.582796] INFO: jiekou: 全部args参数参数信息 , ('C:\\Users\\Administrator\\Desktop\\jiekou-python3\\test_case\\case.xlsx',)
[2018-03-29 13:07:44.582796] INFO: jiekou: 全部kwargs参数信息 , {}
[2018-03-29 13:07:44.586797] INFO: jiekou: 当前模块 测试
[2018-03-29 13:07:44.586797] INFO: jiekou: 全部args参数参数信息 , ()
[2018-03-29 13:07:44.586797] INFO: jiekou: 全部kwargs参数信息 , {}
[2018-03-29 13:07:44.663801] INFO: jiekou: inputdata> 参数:{'password':'1222'}, url:http://www.tuling123.com/openapi/api ,返回:{'code': 0, 'result': {'code': 40007, 'text': '您的请求内容为空。'}},预期:code=40001
[2018-03-29 13:07:44.663801] INFO: jiekou: 当前模块 断言测试结果
[2018-03-29 13:07:44.664801] INFO: jiekou: 全部args参数参数信息 , ()
[2018-03-29 13:07:44.664801] INFO: jiekou: 全部kwargs参数信息 , {'asserqiwang': 'code=40001', 'fanhuijson': {'code': 0, 'result': {'code': 40007, 'text': '您的请求内容为空。'}}}
[2018-03-29 13:07:44.688802] INFO: jiekou: inputdata> 参数:{'password':'1222'}, url:http://www.tuling123.com/openapi/api
 ,返回:{'code': 0, 'result': {'code': 40007, 'text': '您的请求内容为空。'}},预期:code=40002
[2018-03-29 13:07:44.688802] INFO: jiekou: 当前模块 断言测试结果
[2018-03-29 13:07:44.688802] INFO: jiekou: 全部args参数参数信息 , ()
[2018-03-29 13:07:44.688802] INFO: jiekou: 全部kwargs参数信息 , {'asserqiwang': 'code=40002', 'fanhuijson': {'code': 0, 'result': {'code': 40007, 'text': '您的请求内容为空。'}}}
[2018-03-29 13:07:44.896814] INFO: jiekou: inputdata> 参数:{'password':'1222'}, url:https://api.douban.com/v2/photo/:id ,返回:{'code': 0, 'result': {'msg': 'uri_not_found', 'code': 1001, 'request': 'GET /v2/photo/:id'}},预期:
[2018-03-29 13:07:44.896814] INFO: jiekou: 当前模块 断言测试结果
[2018-03-29 13:07:44.896814] INFO: jiekou: 全部args参数参数信息 , ()
[2018-03-29 13:07:44.897814] INFO: jiekou: 全部kwargs参数信息 , {'asserqiwang': '', 'fanhuijson': {'code': 0, 'result': {'msg': 'uri_not_found', 'code': 1001, 'request': 'GET /v2/photo/:id'}}}
[2018-03-29 13:07:44.897814] INFO: jiekou: 填写测试预期值
[2018-03-29 13:07:45.329839] INFO: jiekou: 当前模块 保存测试结果
[2018-03-29 13:07:45.330839] INFO: jiekou: 全部args参数参数信息 , (datetime.datetime(2018, 3, 29, 13, 7, 44, 581796), 3, 0, 2)
[2018-03-29 13:07:45.330839] INFO: jiekou: 全部kwargs参数信息 , {}
